2026-04-05 11:50:47 | INFO     | [grid_independence] ========================================================================
2026-04-05 11:50:47 | INFO     | [grid_independence] start | argv=scripts/test_grid_independence.py --region up --mode bvp --meshes 300,200,100,90,80,70,60,50,40,30,20,10
2026-04-05 11:50:47 | INFO     | [grid_independence] config | region=up mode=bvp meshes=[300, 200, 100, 90, 80, 70, 60, 50, 40, 30, 20, 10] mesh_count=12
2026-04-05 11:50:47 | INFO     | [grid_independence] paths | csv_out=D:\Group\HyOCR\HG_test_202604\output\grid_independence_up_bvp.csv | progress_log=D:\Group\HyOCR\HG_test_202604\logs\grid_independence_up_bvp.log | tmp_dir=D:\Group\HyOCR\HG_test_202604\tmp\grid_independence_up_bvp
2026-04-05 11:50:47 | INFO     | [grid_independence] bvp_verbose=0
2026-04-05 11:50:47 | INFO     | [grid_independence] criteria | BVP require_success=True max_rms<=0.001 bc_l2<=1e-06 | stability rel_outlet<=0.001 abs_fractions<=0.0003
2026-04-05 11:50:47 | INFO     | [grid_independence] ========================================================================
2026-04-05 11:50:47 | INFO     | [grid_independence] mesh 1/12 | begin up BVP | initial_mesh=300 | chdir_tmp=D:\Group\HyOCR\HG_test_202604\tmp\grid_independence_up_bvp
2026-04-05 11:56:00 | INFO     | [grid_independence] ========================================================================
2026-04-05 11:56:00 | INFO     | [grid_independence] start | argv=scripts/test_grid_independence.py --region up --mode bvp --meshes 300,200,100,90,80,70,60,50,40,30,20,10
2026-04-05 11:56:00 | INFO     | [grid_independence] config | region=up mode=bvp meshes=[300, 200, 100, 90, 80, 70, 60, 50, 40, 30, 20, 10] mesh_count=12
2026-04-05 11:56:00 | INFO     | [grid_independence] paths | csv_out=D:\Group\HyOCR\HG_test_202604\output\grid_independence_up_bvp.csv | progress_log=D:\Group\HyOCR\HG_test_202604\logs\grid_independence_up_bvp.log | tmp_dir=D:\Group\HyOCR\HG_test_202604\tmp\grid_independence_up_bvp
2026-04-05 11:56:00 | INFO     | [grid_independence] bvp_verbose=0
2026-04-05 11:56:00 | INFO     | [grid_independence] criteria | BVP require_success=True max_rms<=0.001 bc_l2<=1e-06 | stability rel_outlet<=0.001 abs_fractions<=0.0003
2026-04-05 11:56:00 | INFO     | [grid_independence] ========================================================================
2026-04-05 11:56:00 | INFO     | [grid_independence] mesh 1/12 | begin up BVP | initial_mesh=300 | chdir_tmp=D:\Group\HyOCR\HG_test_202604\tmp\grid_independence_up_bvp
2026-04-05 11:57:44 | INFO     | [grid_independence] ========================================================================
2026-04-05 11:57:44 | INFO     | [grid_independence] start | argv=scripts/test_grid_independence.py --region up --mode bvp --meshes 50,40,30,20,10
2026-04-05 11:57:44 | INFO     | [grid_independence] config | region=up mode=bvp meshes=[50, 40, 30, 20, 10] mesh_count=5
2026-04-05 11:57:44 | INFO     | [grid_independence] paths | csv_out=D:\Group\HyOCR\HG_test_202604\output\grid_independence_up_bvp.csv | progress_log=D:\Group\HyOCR\HG_test_202604\logs\grid_independence_up_bvp.log | tmp_dir=D:\Group\HyOCR\HG_test_202604\tmp\grid_independence_up_bvp
2026-04-05 11:57:44 | INFO     | [grid_independence] bvp_verbose=0
2026-04-05 11:57:44 | INFO     | [grid_independence] criteria | BVP require_success=True max_rms<=0.001 bc_l2<=1e-06 | stability rel_outlet<=0.001 abs_fractions<=0.0003
2026-04-05 11:57:44 | INFO     | [grid_independence] ========================================================================
2026-04-05 11:57:44 | INFO     | [grid_independence] mesh 1/5 | begin up BVP | initial_mesh=50 | chdir_tmp=D:\Group\HyOCR\HG_test_202604\tmp\grid_independence_up_bvp
2026-04-05 12:01:41 | INFO     | [grid_independence] ========================================================================
2026-04-05 12:01:41 | INFO     | [grid_independence] start | argv=scripts/test_grid_independence.py --region up --mode bvp --meshes 50,40,30,20,10
2026-04-05 12:01:41 | INFO     | [grid_independence] config | region=up mode=bvp meshes=[50, 40, 30, 20, 10] mesh_count=5
2026-04-05 12:01:41 | INFO     | [grid_independence] paths | csv_out=D:\Group\HyOCR\HG_test_202604\output\grid_independence_up_bvp.csv | progress_log=D:\Group\HyOCR\HG_test_202604\logs\grid_independence_up_bvp.log | tmp_dir=D:\Group\HyOCR\HG_test_202604\tmp\grid_independence_up_bvp
2026-04-05 12:01:41 | INFO     | [grid_independence] bvp_verbose=0
2026-04-05 12:01:41 | INFO     | [grid_independence] criteria | BVP require_success=True max_rms<=0.001 bc_l2<=1e-06 | stability rel_outlet<=0.001 abs_fractions<=0.0003
2026-04-05 12:01:41 | INFO     | [grid_independence] ========================================================================
2026-04-05 12:01:41 | INFO     | [grid_independence] mesh 1/5 | begin up BVP | initial_mesh=50 | chdir_tmp=D:\Group\HyOCR\HG_test_202604\tmp\grid_independence_up_bvp
2026-04-05 12:02:10 | INFO     | [grid_independence] ========================================================================
2026-04-05 12:02:10 | INFO     | [grid_independence] start | argv=scripts/test_grid_independence.py --region up --mode bvp --meshes 300,200,100,90,80,70,60,50,40,30,20,10
2026-04-05 12:02:10 | INFO     | [grid_independence] config | region=up mode=bvp meshes=[300, 200, 100, 90, 80, 70, 60, 50, 40, 30, 20, 10] mesh_count=12
2026-04-05 12:02:10 | INFO     | [grid_independence] paths | csv_out=D:\Group\HyOCR\HG_test_202604\output\grid_independence_up_bvp.csv | progress_log=D:\Group\HyOCR\HG_test_202604\logs\grid_independence_up_bvp.log | tmp_dir=D:\Group\HyOCR\HG_test_202604\tmp\grid_independence_up_bvp
2026-04-05 12:02:10 | INFO     | [grid_independence] bvp_verbose=0
2026-04-05 12:02:10 | INFO     | [grid_independence] criteria | BVP require_success=True max_rms<=0.001 bc_l2<=1e-06 | stability rel_outlet<=0.001 abs_fractions<=0.0003
2026-04-05 12:02:10 | INFO     | [grid_independence] ========================================================================
2026-04-05 12:02:10 | INFO     | [grid_independence] mesh 1/12 | begin up BVP | initial_mesh=300 | chdir_tmp=D:\Group\HyOCR\HG_test_202604\tmp\grid_independence_up_bvp
2026-04-05 12:04:17 | INFO     | [grid_independence] ========================================================================
2026-04-05 12:04:17 | INFO     | [grid_independence] start | argv=scripts/test_grid_independence.py --region up --mode bvp --meshes 300,200,100,90,80,70,60,50,40,30,20,10
2026-04-05 12:04:17 | INFO     | [grid_independence] config | region=up mode=bvp meshes=[300, 200, 100, 90, 80, 70, 60, 50, 40, 30, 20, 10] mesh_count=12
2026-04-05 12:04:17 | INFO     | [grid_independence] paths | csv_out=D:\Group\HyOCR\HG_test_202604\output\grid_independence_up_bvp.csv | progress_log=D:\Group\HyOCR\HG_test_202604\logs\grid_independence_up_bvp.log | tmp_dir=D:\Group\HyOCR\HG_test_202604\tmp\grid_independence_up_bvp
2026-04-05 12:04:17 | INFO     | [grid_independence] bvp_verbose=0
2026-04-05 12:04:17 | INFO     | [grid_independence] criteria | BVP require_success=True max_rms<=0.001 bc_l2<=1e-06 | stability rel_outlet<=0.001 abs_fractions<=0.0003
2026-04-05 12:04:17 | INFO     | [grid_independence] ========================================================================
2026-04-05 12:04:17 | INFO     | [grid_independence] mesh 1/12 | begin up BVP | initial_mesh=300 | chdir_tmp=D:\Group\HyOCR\HG_test_202604\tmp\grid_independence_up_bvp
2026-04-05 12:06:32 | INFO     | [grid_independence] ========================================================================
2026-04-05 12:06:32 | INFO     | [grid_independence] start | argv=scripts/test_grid_independence.py --region up --mode bvp --meshes 300,200,100,90,80,70,60,50,40,30,20,10
2026-04-05 12:06:32 | INFO     | [grid_independence] config | region=up mode=bvp meshes=[300, 200, 100, 90, 80, 70, 60, 50, 40, 30, 20, 10] mesh_count=12
2026-04-05 12:06:32 | INFO     | [grid_independence] paths | csv_out=D:\Group\HyOCR\HG_test_202604\output\grid_independence_up_bvp.csv | progress_log=D:\Group\HyOCR\HG_test_202604\logs\grid_independence_up_bvp.log | tmp_dir=D:\Group\HyOCR\HG_test_202604\tmp\grid_independence_up_bvp
2026-04-05 12:06:32 | INFO     | [grid_independence] bvp_verbose=0
2026-04-05 12:06:32 | INFO     | [grid_independence] criteria | BVP require_success=True max_rms<=0.001 bc_l2<=1e-06 | stability rel_outlet<=0.001 abs_fractions<=0.0003
2026-04-05 12:06:32 | INFO     | [grid_independence] ========================================================================
2026-04-05 12:06:32 | INFO     | [grid_independence] mesh 1/12 | begin up BVP | initial_mesh=300 | chdir_tmp=D:\Group\HyOCR\HG_test_202604\tmp\grid_independence_up_bvp
2026-04-05 12:07:33 | INFO     | [grid_independence] ========================================================================
2026-04-05 12:07:33 | INFO     | [grid_independence] start | argv=scripts/test_grid_independence.py --region up --mode bvp --meshes 300,200,100,90,80,70,60,50,40,30,20,10
2026-04-05 12:07:33 | INFO     | [grid_independence] config | region=up mode=bvp meshes=[300, 200, 100, 90, 80, 70, 60, 50, 40, 30, 20, 10] mesh_count=12
2026-04-05 12:07:33 | INFO     | [grid_independence] paths | csv_out=D:\Group\HyOCR\HG_test_202604\output\grid_independence_up_bvp.csv | progress_log=D:\Group\HyOCR\HG_test_202604\logs\grid_independence_up_bvp.log | tmp_dir=D:\Group\HyOCR\HG_test_202604\tmp\grid_independence_up_bvp
2026-04-05 12:07:33 | INFO     | [grid_independence] bvp_verbose=0
2026-04-05 12:07:33 | INFO     | [grid_independence] criteria | BVP require_success=True max_rms<=0.001 bc_l2<=1e-06 | stability rel_outlet<=0.001 abs_fractions<=0.0003
2026-04-05 12:07:33 | INFO     | [grid_independence] ========================================================================
2026-04-05 12:07:33 | INFO     | [grid_independence] mesh 1/12 | begin up BVP | initial_mesh=300 | chdir_tmp=D:\Group\HyOCR\HG_test_202604\tmp\grid_independence_up_bvp
2026-04-05 12:09:38 | INFO     | [grid_independence] ========================================================================
2026-04-05 12:09:38 | INFO     | [grid_independence] start | argv=scripts/test_grid_independence.py --region up --mode bvp --meshes 300,200,100,90,80,70,60,50,40,30,20,10
2026-04-05 12:09:38 | INFO     | [grid_independence] config | region=up mode=bvp meshes=[300, 200, 100, 90, 80, 70, 60, 50, 40, 30, 20, 10] mesh_count=12
2026-04-05 12:09:38 | INFO     | [grid_independence] paths | csv_out=D:\Group\HyOCR\HG_test_202604\output\grid_independence_up_bvp.csv | progress_log=D:\Group\HyOCR\HG_test_202604\logs\grid_independence_up_bvp.log | tmp_dir=D:\Group\HyOCR\HG_test_202604\tmp\grid_independence_up_bvp
2026-04-05 12:09:38 | INFO     | [grid_independence] bvp_verbose=0
2026-04-05 12:09:38 | INFO     | [grid_independence] criteria | BVP require_success=True max_rms<=0.001 bc_l2<=1e-06 | stability rel_outlet<=0.001 abs_fractions<=0.0003
2026-04-05 12:09:38 | INFO     | [grid_independence] ========================================================================
2026-04-05 12:09:38 | INFO     | [grid_independence] mesh 1/12 | begin up BVP | initial_mesh=300 | chdir_tmp=D:\Group\HyOCR\HG_test_202604\tmp\grid_independence_up_bvp
2026-04-05 12:12:22 | INFO     | [grid_independence] ========================================================================
2026-04-05 12:12:22 | INFO     | [grid_independence] start | argv=scripts/test_grid_independence.py --region up --mode bvp --meshes 300,200,100,90,80,70,60,50,40,30,20,10
2026-04-05 12:12:22 | INFO     | [grid_independence] config | region=up mode=bvp meshes=[300, 200, 100, 90, 80, 70, 60, 50, 40, 30, 20, 10] mesh_count=12
2026-04-05 12:12:22 | INFO     | [grid_independence] paths | csv_out=D:\Group\HyOCR\HG_test_202604\output\grid_independence_up_bvp.csv | progress_log=D:\Group\HyOCR\HG_test_202604\logs\grid_independence_up_bvp.log | tmp_dir=D:\Group\HyOCR\HG_test_202604\tmp\grid_independence_up_bvp
2026-04-05 12:12:22 | INFO     | [grid_independence] bvp_verbose=0
2026-04-05 12:12:22 | INFO     | [grid_independence] criteria | BVP require_success=True max_rms<=0.001 bc_l2<=1e-06 | stability rel_outlet<=0.001 abs_fractions<=0.0003
2026-04-05 12:12:22 | INFO     | [grid_independence] ========================================================================
2026-04-05 12:12:22 | INFO     | [grid_independence] mesh 1/12 | begin up BVP | initial_mesh=300 | chdir_tmp=D:\Group\HyOCR\HG_test_202604\tmp\grid_independence_up_bvp
2026-04-05 12:15:04 | INFO     | [grid_independence] ========================================================================
2026-04-05 12:15:04 | INFO     | [grid_independence] start | argv=scripts/test_grid_independence.py --region up --mode bvp --meshes 50,40,30,20,10
2026-04-05 12:15:04 | INFO     | [grid_independence] config | region=up mode=bvp meshes=[50, 40, 30, 20, 10] mesh_count=5
2026-04-05 12:15:04 | INFO     | [grid_independence] paths | csv_out=D:\Group\HyOCR\HG_test_202604\output\grid_independence_up_bvp.csv | progress_log=D:\Group\HyOCR\HG_test_202604\logs\grid_independence_up_bvp.log | tmp_dir=D:\Group\HyOCR\HG_test_202604\tmp\grid_independence_up_bvp
2026-04-05 12:15:04 | INFO     | [grid_independence] bvp_verbose=0
2026-04-05 12:15:04 | INFO     | [grid_independence] criteria | BVP require_success=True max_rms<=0.001 bc_l2<=1e-06 | stability rel_outlet<=0.001 abs_fractions<=0.0003
2026-04-05 12:15:04 | INFO     | [grid_independence] ========================================================================
2026-04-05 12:15:04 | INFO     | [grid_independence] mesh 1/5 | begin up BVP | initial_mesh=50 | chdir_tmp=D:\Group\HyOCR\HG_test_202604\tmp\grid_independence_up_bvp
2026-04-05 12:15:33 | INFO     | [grid_independence] ========================================================================
2026-04-05 12:15:33 | INFO     | [grid_independence] start | argv=scripts/test_grid_independence.py --region up --mode bvp --meshes 40,30,20,10
2026-04-05 12:15:33 | INFO     | [grid_independence] config | region=up mode=bvp meshes=[40, 30, 20, 10] mesh_count=4
2026-04-05 12:15:33 | INFO     | [grid_independence] paths | csv_out=D:\Group\HyOCR\HG_test_202604\output\grid_independence_up_bvp.csv | progress_log=D:\Group\HyOCR\HG_test_202604\logs\grid_independence_up_bvp.log | tmp_dir=D:\Group\HyOCR\HG_test_202604\tmp\grid_independence_up_bvp
2026-04-05 12:15:33 | INFO     | [grid_independence] bvp_verbose=0
2026-04-05 12:15:33 | INFO     | [grid_independence] criteria | BVP require_success=True max_rms<=0.001 bc_l2<=1e-06 | stability rel_outlet<=0.001 abs_fractions<=0.0003
2026-04-05 12:15:33 | INFO     | [grid_independence] ========================================================================
2026-04-05 12:15:33 | INFO     | [grid_independence] mesh 1/4 | begin up BVP | initial_mesh=40 | chdir_tmp=D:\Group\HyOCR\HG_test_202604\tmp\grid_independence_up_bvp
2026-04-05 12:16:05 | INFO     | [grid_independence] ========================================================================
2026-04-05 12:16:05 | INFO     | [grid_independence] start | argv=scripts/test_grid_independence.py --region up --mode bvp --meshes 20,10
2026-04-05 12:16:05 | INFO     | [grid_independence] config | region=up mode=bvp meshes=[20, 10] mesh_count=2
2026-04-05 12:16:05 | INFO     | [grid_independence] paths | csv_out=D:\Group\HyOCR\HG_test_202604\output\grid_independence_up_bvp.csv | progress_log=D:\Group\HyOCR\HG_test_202604\logs\grid_independence_up_bvp.log | tmp_dir=D:\Group\HyOCR\HG_test_202604\tmp\grid_independence_up_bvp
2026-04-05 12:16:05 | INFO     | [grid_independence] bvp_verbose=0
2026-04-05 12:16:05 | INFO     | [grid_independence] criteria | BVP require_success=True max_rms<=0.001 bc_l2<=1e-06 | stability rel_outlet<=0.001 abs_fractions<=0.0003
2026-04-05 12:16:05 | INFO     | [grid_independence] ========================================================================
2026-04-05 12:16:05 | INFO     | [grid_independence] mesh 1/2 | begin up BVP | initial_mesh=20 | chdir_tmp=D:\Group\HyOCR\HG_test_202604\tmp\grid_independence_up_bvp
2026-04-05 12:17:17 | INFO     | [grid_independence] ========================================================================
2026-04-05 12:17:17 | INFO     | [grid_independence] start | argv=scripts/test_grid_independence.py --region up --mode bvp --meshes 100,50,40,30,29,28,27,26,25,24,23,22,21,20,10
2026-04-05 12:17:17 | INFO     | [grid_independence] config | region=up mode=bvp meshes=[100, 50, 40, 30, 29, 28, 27, 26, 25, 24, 23, 22, 21, 20, 10] mesh_count=15
2026-04-05 12:17:17 | INFO     | [grid_independence] paths | csv_out=D:\Group\HyOCR\HG_test_202604\output\grid_independence_up_bvp.csv | progress_log=D:\Group\HyOCR\HG_test_202604\logs\grid_independence_up_bvp.log | tmp_dir=D:\Group\HyOCR\HG_test_202604\tmp\grid_independence_up_bvp
2026-04-05 12:17:17 | INFO     | [grid_independence] bvp_verbose=0
2026-04-05 12:17:17 | INFO     | [grid_independence] criteria | BVP require_success=True max_rms<=0.001 bc_l2<=1e-06 | stability rel_outlet<=0.001 abs_fractions<=0.0003
2026-04-05 12:17:17 | INFO     | [grid_independence] ========================================================================
2026-04-05 12:17:17 | INFO     | [grid_independence] mesh 1/15 | begin up BVP | initial_mesh=100 | chdir_tmp=D:\Group\HyOCR\HG_test_202604\tmp\grid_independence_up_bvp
2026-04-05 12:20:23 | INFO     | [grid_independence] ========================================================================
2026-04-05 12:20:23 | INFO     | [grid_independence] start | argv=scripts/test_grid_independence.py --region up --mode bvp --meshes 100,50,40,30,29,28,27,26,25,24,23,22,21,20,10
2026-04-05 12:20:23 | INFO     | [grid_independence] config | region=up mode=bvp meshes=[100, 50, 40, 30, 29, 28, 27, 26, 25, 24, 23, 22, 21, 20, 10] mesh_count=15
2026-04-05 12:20:23 | INFO     | [grid_independence] paths | csv_out=D:\Group\HyOCR\HG_test_202604\output\grid_independence_up_bvp.csv | progress_log=D:\Group\HyOCR\HG_test_202604\logs\grid_independence_up_bvp.log | tmp_dir=D:\Group\HyOCR\HG_test_202604\tmp\grid_independence_up_bvp
2026-04-05 12:20:23 | INFO     | [grid_independence] bvp_verbose=0
2026-04-05 12:20:23 | INFO     | [grid_independence] criteria | BVP require_success=True max_rms<=0.001 bc_l2<=1e-06 | stability rel_outlet<=0.001 abs_fractions<=0.0003
2026-04-05 12:20:23 | INFO     | [grid_independence] ========================================================================
2026-04-05 12:20:23 | INFO     | [grid_independence] mesh 1/15 | begin up BVP | initial_mesh=100 | chdir_tmp=D:\Group\HyOCR\HG_test_202604\tmp\grid_independence_up_bvp
2026-04-05 12:22:08 | WARNING  | [grid_independence] run failed | mesh=100 detail=fail: 初始求解失败，请检查问题设置
2026-04-05 12:22:08 | INFO     | [grid_independence] mesh 1/15 | end up BVP | status=fail: 初始求解失败，请检查问题设置 | equation_converged=False | elapsed=105.38s | bvp_success=None bvp_tol=None bvp_n_nodes=None | T_out=None t_out=None
2026-04-05 12:22:08 | INFO     | [grid_independence] mesh 2/15 | begin up BVP | initial_mesh=50 | chdir_tmp=D:\Group\HyOCR\HG_test_202604\tmp\grid_independence_up_bvp
2026-04-05 12:24:53 | INFO     | [grid_independence] mesh 2/15 | end up BVP | status=success | equation_converged=True | elapsed=164.55s | bvp_success=True bvp_tol=0.001 bvp_n_nodes=220 | T_out=556.24453 t_out=1222.58013
2026-04-05 12:24:53 | INFO     | [grid_independence] mesh 3/15 | begin up BVP | initial_mesh=40 | chdir_tmp=D:\Group\HyOCR\HG_test_202604\tmp\grid_independence_up_bvp
2026-04-05 12:27:04 | INFO     | [grid_independence] mesh 3/15 | end up BVP | status=success | equation_converged=True | elapsed=131.51s | bvp_success=True bvp_tol=0.001 bvp_n_nodes=181 | T_out=556.24481 t_out=1222.58011
2026-04-05 12:27:04 | INFO     | [grid_independence] mesh 4/15 | begin up BVP | initial_mesh=30 | chdir_tmp=D:\Group\HyOCR\HG_test_202604\tmp\grid_independence_up_bvp
2026-04-05 12:28:24 | WARNING  | [grid_independence] run failed | mesh=30 detail=fail: 初始求解失败，请检查问题设置
2026-04-05 12:28:24 | INFO     | [grid_independence] mesh 4/15 | end up BVP | status=fail: 初始求解失败，请检查问题设置 | equation_converged=False | elapsed=79.89s | bvp_success=None bvp_tol=None bvp_n_nodes=None | T_out=None t_out=None
2026-04-05 12:28:24 | INFO     | [grid_independence] mesh 5/15 | begin up BVP | initial_mesh=29 | chdir_tmp=D:\Group\HyOCR\HG_test_202604\tmp\grid_independence_up_bvp
2026-04-05 12:28:56 | WARNING  | [grid_independence] run failed | mesh=29 detail=fail: 初始求解失败，请检查问题设置
2026-04-05 12:28:56 | INFO     | [grid_independence] mesh 5/15 | end up BVP | status=fail: 初始求解失败，请检查问题设置 | equation_converged=False | elapsed=32.51s | bvp_success=None bvp_tol=None bvp_n_nodes=None | T_out=None t_out=None
2026-04-05 12:28:56 | INFO     | [grid_independence] mesh 6/15 | begin up BVP | initial_mesh=28 | chdir_tmp=D:\Group\HyOCR\HG_test_202604\tmp\grid_independence_up_bvp
2026-04-05 12:30:33 | INFO     | [grid_independence] mesh 6/15 | end up BVP | status=success | equation_converged=True | elapsed=96.15s | bvp_success=True bvp_tol=0.001 bvp_n_nodes=199 | T_out=556.24467 t_out=1222.58008
2026-04-05 12:30:33 | INFO     | [grid_independence] mesh 7/15 | begin up BVP | initial_mesh=27 | chdir_tmp=D:\Group\HyOCR\HG_test_202604\tmp\grid_independence_up_bvp
2026-04-05 12:31:55 | INFO     | [grid_independence] mesh 7/15 | end up BVP | status=success | equation_converged=True | elapsed=82.24s | bvp_success=True bvp_tol=0.001 bvp_n_nodes=160 | T_out=556.24484 t_out=1222.58013
2026-04-05 12:31:55 | INFO     | [grid_independence] mesh 8/15 | begin up BVP | initial_mesh=26 | chdir_tmp=D:\Group\HyOCR\HG_test_202604\tmp\grid_independence_up_bvp
2026-04-05 12:33:42 | INFO     | [grid_independence] mesh 8/15 | end up BVP | status=success | equation_converged=True | elapsed=107.20s | bvp_success=True bvp_tol=0.001 bvp_n_nodes=173 | T_out=556.24455 t_out=1222.58013
2026-04-05 12:33:42 | INFO     | [grid_independence] mesh 9/15 | begin up BVP | initial_mesh=25 | chdir_tmp=D:\Group\HyOCR\HG_test_202604\tmp\grid_independence_up_bvp
2026-04-05 12:35:57 | INFO     | [grid_independence] mesh 9/15 | end up BVP | status=success | equation_converged=True | elapsed=135.02s | bvp_success=True bvp_tol=0.001 bvp_n_nodes=241 | T_out=556.24460 t_out=1222.58004
2026-04-05 12:35:57 | INFO     | [grid_independence] mesh 10/15 | begin up BVP | initial_mesh=24 | chdir_tmp=D:\Group\HyOCR\HG_test_202604\tmp\grid_independence_up_bvp
2026-04-05 12:39:29 | INFO     | [grid_independence] mesh 10/15 | end up BVP | status=success | equation_converged=True | elapsed=211.70s | bvp_success=True bvp_tol=0.001 bvp_n_nodes=252 | T_out=556.24466 t_out=1222.58012
2026-04-05 12:39:29 | INFO     | [grid_independence] mesh 11/15 | begin up BVP | initial_mesh=23 | chdir_tmp=D:\Group\HyOCR\HG_test_202604\tmp\grid_independence_up_bvp
2026-04-05 12:43:04 | INFO     | [grid_independence] mesh 11/15 | end up BVP | status=success | equation_converged=True | elapsed=214.94s | bvp_success=True bvp_tol=0.001 bvp_n_nodes=225 | T_out=556.24453 t_out=1222.58013
2026-04-05 12:43:04 | INFO     | [grid_independence] mesh 12/15 | begin up BVP | initial_mesh=22 | chdir_tmp=D:\Group\HyOCR\HG_test_202604\tmp\grid_independence_up_bvp
2026-04-05 12:43:54 | WARNING  | [grid_independence] run failed | mesh=22 detail=fail: 初始求解失败，请检查问题设置
2026-04-05 12:43:54 | INFO     | [grid_independence] mesh 12/15 | end up BVP | status=fail: 初始求解失败，请检查问题设置 | equation_converged=False | elapsed=50.06s | bvp_success=None bvp_tol=None bvp_n_nodes=None | T_out=None t_out=None
2026-04-05 12:43:54 | INFO     | [grid_independence] mesh 13/15 | begin up BVP | initial_mesh=21 | chdir_tmp=D:\Group\HyOCR\HG_test_202604\tmp\grid_independence_up_bvp
2026-04-05 12:44:55 | WARNING  | [grid_independence] run failed | mesh=21 detail=fail: 初始求解失败，请检查问题设置
2026-04-05 12:44:55 | INFO     | [grid_independence] mesh 13/15 | end up BVP | status=fail: 初始求解失败，请检查问题设置 | equation_converged=False | elapsed=61.15s | bvp_success=None bvp_tol=None bvp_n_nodes=None | T_out=None t_out=None
2026-04-05 12:44:55 | INFO     | [grid_independence] mesh 14/15 | begin up BVP | initial_mesh=20 | chdir_tmp=D:\Group\HyOCR\HG_test_202604\tmp\grid_independence_up_bvp
2026-04-05 12:45:18 | WARNING  | [grid_independence] run failed | mesh=20 detail=fail: 初始求解失败，请检查问题设置
2026-04-05 12:45:18 | INFO     | [grid_independence] mesh 14/15 | end up BVP | status=fail: 初始求解失败，请检查问题设置 | equation_converged=False | elapsed=23.41s | bvp_success=None bvp_tol=None bvp_n_nodes=None | T_out=None t_out=None
2026-04-05 12:45:18 | INFO     | [grid_independence] mesh 15/15 | begin up BVP | initial_mesh=10 | chdir_tmp=D:\Group\HyOCR\HG_test_202604\tmp\grid_independence_up_bvp
2026-04-05 12:45:30 | WARNING  | [grid_independence] run failed | mesh=10 detail=fail: 初始求解失败，请检查问题设置
2026-04-05 12:45:30 | INFO     | [grid_independence] mesh 15/15 | end up BVP | status=fail: 初始求解失败，请检查问题设置 | equation_converged=False | elapsed=11.69s | bvp_success=None bvp_tol=None bvp_n_nodes=None | T_out=None t_out=None
2026-04-05 12:45:30 | INFO     | [grid_independence] reference | initial_mesh=50 solver=bvp status=success
2026-04-05 12:45:30 | INFO     | [grid_independence] vs_ref | mesh=100 eq_conv=False stable=False rel_diff_max=nan abs_diff_outlet_max=nan
2026-04-05 12:45:30 | INFO     | [grid_independence] vs_ref | mesh=50 eq_conv=True stable=True rel_diff_max=0.0000e+00 abs_diff_outlet_max=0.0000e+00
2026-04-05 12:45:30 | INFO     | [grid_independence] vs_ref | mesh=40 eq_conv=True stable=True rel_diff_max=6.4284e-07 abs_diff_outlet_max=2.4224e-03
2026-04-05 12:45:30 | INFO     | [grid_independence] vs_ref | mesh=30 eq_conv=False stable=False rel_diff_max=nan abs_diff_outlet_max=nan
2026-04-05 12:45:30 | INFO     | [grid_independence] vs_ref | mesh=29 eq_conv=False stable=False rel_diff_max=nan abs_diff_outlet_max=nan
2026-04-05 12:45:30 | INFO     | [grid_independence] vs_ref | mesh=28 eq_conv=True stable=True rel_diff_max=1.1038e-06 abs_diff_outlet_max=5.8998e-03
2026-04-05 12:45:30 | INFO     | [grid_independence] vs_ref | mesh=27 eq_conv=True stable=True rel_diff_max=5.5632e-07 abs_diff_outlet_max=3.4012e-04
2026-04-05 12:45:30 | INFO     | [grid_independence] vs_ref | mesh=26 eq_conv=True stable=True rel_diff_max=2.1513e-07 abs_diff_outlet_max=5.7601e-04
2026-04-05 12:45:30 | INFO     | [grid_independence] vs_ref | mesh=25 eq_conv=True stable=True rel_diff_max=2.9851e-07 abs_diff_outlet_max=2.1494e-03
2026-04-05 12:45:30 | INFO     | [grid_independence] vs_ref | mesh=24 eq_conv=True stable=True rel_diff_max=3.5716e-06 abs_diff_outlet_max=1.0886e-02
2026-04-05 12:45:30 | INFO     | [grid_independence] vs_ref | mesh=23 eq_conv=True stable=True rel_diff_max=3.5522e-07 abs_diff_outlet_max=2.5772e-03
2026-04-05 12:45:30 | INFO     | [grid_independence] vs_ref | mesh=22 eq_conv=False stable=False rel_diff_max=nan abs_diff_outlet_max=nan
2026-04-05 12:45:30 | INFO     | [grid_independence] vs_ref | mesh=21 eq_conv=False stable=False rel_diff_max=nan abs_diff_outlet_max=nan
2026-04-05 12:45:30 | INFO     | [grid_independence] vs_ref | mesh=20 eq_conv=False stable=False rel_diff_max=nan abs_diff_outlet_max=nan
2026-04-05 12:45:30 | INFO     | [grid_independence] vs_ref | mesh=10 eq_conv=False stable=False rel_diff_max=nan abs_diff_outlet_max=nan
2026-04-05 12:45:30 | INFO     | [grid_independence] done | region=up mode=bvp reference_mesh=50 recommended_min_mesh=23 | csv=D:\Group\HyOCR\HG_test_202604\output\grid_independence_up_bvp.csv | wall_s=1507.5
2026-04-05 15:13:09 | INFO     | [grid_independence] ========================================================================
2026-04-05 15:13:09 | INFO     | [grid_independence] start | argv=scripts/test_grid_independence.py --region up --mode bvp --meshes 200,300,400
2026-04-05 15:13:09 | INFO     | [grid_independence] config | region=up mode=bvp meshes=[200, 300, 400] mesh_count=3
2026-04-05 15:13:09 | INFO     | [grid_independence] paths | csv_out=D:\Group\HyOCR\HG_test_202604\output\grid_independence_up_bvp.csv | progress_log=D:\Group\HyOCR\HG_test_202604\logs\grid_independence_up_bvp.log | tmp_dir=D:\Group\HyOCR\HG_test_202604\tmp\grid_independence_up_bvp
2026-04-05 15:13:09 | INFO     | [grid_independence] bvp_verbose=0
2026-04-05 15:13:09 | INFO     | [grid_independence] criteria | BVP require_success=True max_rms<=0.001 bc_l2<=1e-06 | stability rel_outlet<=0.001 abs_fractions<=0.0003
2026-04-05 15:13:09 | INFO     | [grid_independence] ========================================================================
2026-04-05 15:13:09 | INFO     | [grid_independence] mesh 1/3 | begin up BVP | initial_mesh=200 | chdir_tmp=D:\Group\HyOCR\HG_test_202604\tmp\grid_independence_up_bvp
2026-04-05 15:19:22 | INFO     | [grid_independence] mesh 1/3 | end up BVP | status=success | equation_converged=True | elapsed=373.35s | bvp_success=True bvp_tol=0.001 bvp_n_nodes=790 | T_out=556.24460 t_out=1222.58013
2026-04-05 15:19:22 | INFO     | [grid_independence] mesh 2/3 | begin up BVP | initial_mesh=300 | chdir_tmp=D:\Group\HyOCR\HG_test_202604\tmp\grid_independence_up_bvp
2026-04-05 15:30:06 | INFO     | [grid_independence] mesh 2/3 | end up BVP | status=success | equation_converged=True | elapsed=643.98s | bvp_success=True bvp_tol=0.001 bvp_n_nodes=980 | T_out=556.24461 t_out=1222.58013
2026-04-05 15:30:06 | INFO     | [grid_independence] mesh 3/3 | begin up BVP | initial_mesh=400 | chdir_tmp=D:\Group\HyOCR\HG_test_202604\tmp\grid_independence_up_bvp
2026-04-05 15:47:52 | INFO     | [grid_independence] mesh 3/3 | end up BVP | status=success | equation_converged=True | elapsed=1066.14s | bvp_success=True bvp_tol=0.001 bvp_n_nodes=1582 | T_out=556.24456 t_out=1222.58013
2026-04-05 15:47:52 | INFO     | [grid_independence] reference | initial_mesh=200 solver=bvp status=success
2026-04-05 15:47:52 | INFO     | [grid_independence] vs_ref | mesh=200 eq_conv=True stable=True rel_diff_max=0.0000e+00 abs_diff_outlet_max=0.0000e+00
2026-04-05 15:47:52 | INFO     | [grid_independence] vs_ref | mesh=300 eq_conv=True stable=True rel_diff_max=2.5327e-08 abs_diff_outlet_max=1.1785e-04
2026-04-05 15:47:52 | INFO     | [grid_independence] vs_ref | mesh=400 eq_conv=True stable=True rel_diff_max=7.8535e-08 abs_diff_outlet_max=6.7297e-05
2026-04-05 15:47:52 | INFO     | [grid_independence] done | region=up mode=bvp reference_mesh=200 recommended_min_mesh=200 | csv=D:\Group\HyOCR\HG_test_202604\output\grid_independence_up_bvp.csv | wall_s=2083.5
2026-04-05 15:58:51 | INFO     | [grid_independence] ========================================================================
2026-04-05 15:58:51 | INFO     | [grid_independence] start | argv=scripts/test_grid_independence.py --region up --mode bvp --meshes 101,102,110,120,130,140,150,160,170,180,190
2026-04-05 15:58:51 | INFO     | [grid_independence] config | region=up mode=bvp meshes=[101, 102, 110, 120, 130, 140, 150, 160, 170, 180, 190] mesh_count=11
2026-04-05 15:58:51 | INFO     | [grid_independence] paths | csv_out=D:\Group\HyOCR\HG_test_202604\output\grid_independence_up_bvp.csv | progress_log=D:\Group\HyOCR\HG_test_202604\logs\grid_independence_up_bvp.log | tmp_dir=D:\Group\HyOCR\HG_test_202604\tmp\grid_independence_up_bvp
2026-04-05 15:58:51 | INFO     | [grid_independence] bvp_verbose=0
2026-04-05 15:58:51 | INFO     | [grid_independence] criteria | BVP require_success=True max_rms<=0.001 bc_l2<=1e-06 | stability rel_outlet<=0.001 abs_fractions<=0.0003
2026-04-05 15:58:51 | INFO     | [grid_independence] ========================================================================
2026-04-05 15:58:51 | INFO     | [grid_independence] mesh 1/11 | begin up BVP | initial_mesh=101 | chdir_tmp=D:\Group\HyOCR\HG_test_202604\tmp\grid_independence_up_bvp
2026-04-05 16:15:35 | INFO     | [grid_independence] mesh 1/11 | end up BVP | status=success | equation_converged=True | elapsed=1004.97s | bvp_success=True bvp_tol=0.001 bvp_n_nodes=1634 | T_out=556.24463 t_out=1222.58013
2026-04-05 16:15:35 | INFO     | [grid_independence] mesh 2/11 | begin up BVP | initial_mesh=102 | chdir_tmp=D:\Group\HyOCR\HG_test_202604\tmp\grid_independence_up_bvp
2026-04-05 16:18:32 | INFO     | [grid_independence] mesh 2/11 | end up BVP | status=success | equation_converged=True | elapsed=176.32s | bvp_success=True bvp_tol=0.001 bvp_n_nodes=295 | T_out=556.24464 t_out=1222.58011
2026-04-05 16:18:32 | INFO     | [grid_independence] mesh 3/11 | begin up BVP | initial_mesh=110 | chdir_tmp=D:\Group\HyOCR\HG_test_202604\tmp\grid_independence_up_bvp
2026-04-05 16:20:12 | INFO     | [grid_independence] ========================================================================
2026-04-05 16:20:12 | INFO     | [grid_independence] start | argv=scripts/test_grid_independence.py --region up --mode bvp --meshes 99,98,90,80,70,60,39,38,37,36,35,34,33,32,31
2026-04-05 16:20:12 | INFO     | [grid_independence] config | region=up mode=bvp meshes=[99, 98, 90, 80, 70, 60, 39, 38, 37, 36, 35, 34, 33, 32, 31] mesh_count=15
2026-04-05 16:20:12 | INFO     | [grid_independence] paths | csv_out=D:\Group\HyOCR\HG_test_202604\output\grid_independence_up_bvp.csv | progress_log=D:\Group\HyOCR\HG_test_202604\logs\grid_independence_up_bvp.log | tmp_dir=D:\Group\HyOCR\HG_test_202604\tmp\grid_independence_up_bvp
2026-04-05 16:20:12 | INFO     | [grid_independence] bvp_verbose=0
2026-04-05 16:20:12 | INFO     | [grid_independence] criteria | BVP require_success=True max_rms<=0.001 bc_l2<=1e-06 | stability rel_outlet<=0.001 abs_fractions<=0.0003
2026-04-05 16:20:12 | INFO     | [grid_independence] ========================================================================
2026-04-05 16:20:12 | INFO     | [grid_independence] mesh 1/15 | begin up BVP | initial_mesh=99 | chdir_tmp=D:\Group\HyOCR\HG_test_202604\tmp\grid_independence_up_bvp
2026-04-05 16:24:36 | INFO     | [grid_independence] mesh 1/15 | end up BVP | status=success | equation_converged=True | elapsed=263.85s | bvp_success=True bvp_tol=0.001 bvp_n_nodes=343 | T_out=556.24459 t_out=1222.58013
2026-04-05 16:24:36 | INFO     | [grid_independence] mesh 2/15 | begin up BVP | initial_mesh=98 | chdir_tmp=D:\Group\HyOCR\HG_test_202604\tmp\grid_independence_up_bvp
2026-04-05 16:26:54 | INFO     | [grid_independence] mesh 2/15 | end up BVP | status=success | equation_converged=True | elapsed=137.33s | bvp_success=True bvp_tol=0.001 bvp_n_nodes=281 | T_out=556.24448 t_out=1222.58013
2026-04-05 16:26:54 | INFO     | [grid_independence] mesh 3/15 | begin up BVP | initial_mesh=90 | chdir_tmp=D:\Group\HyOCR\HG_test_202604\tmp\grid_independence_up_bvp
2026-04-05 16:30:14 | INFO     | [grid_independence] mesh 3/15 | end up BVP | status=success | equation_converged=True | elapsed=200.00s | bvp_success=True bvp_tol=0.001 bvp_n_nodes=512 | T_out=556.24464 t_out=1222.58013
2026-04-05 16:30:14 | INFO     | [grid_independence] mesh 4/15 | begin up BVP | initial_mesh=80 | chdir_tmp=D:\Group\HyOCR\HG_test_202604\tmp\grid_independence_up_bvp
2026-04-05 16:43:40 | INFO     | [grid_independence] mesh 4/15 | end up BVP | status=success | equation_converged=True | elapsed=806.04s | bvp_success=True bvp_tol=0.001 bvp_n_nodes=777 | T_out=556.24471 t_out=1222.58013
2026-04-05 16:43:40 | INFO     | [grid_independence] mesh 5/15 | begin up BVP | initial_mesh=70 | chdir_tmp=D:\Group\HyOCR\HG_test_202604\tmp\grid_independence_up_bvp
2026-04-05 16:46:41 | INFO     | [grid_independence] mesh 5/15 | end up BVP | status=success | equation_converged=True | elapsed=181.23s | bvp_success=True bvp_tol=0.001 bvp_n_nodes=248 | T_out=556.24461 t_out=1222.58013
2026-04-05 16:46:41 | INFO     | [grid_independence] mesh 6/15 | begin up BVP | initial_mesh=60 | chdir_tmp=D:\Group\HyOCR\HG_test_202604\tmp\grid_independence_up_bvp
2026-04-05 16:47:51 | WARNING  | [grid_independence] run failed | mesh=60 detail=fail: 初始求解失败，请检查问题设置
2026-04-05 16:47:51 | INFO     | [grid_independence] mesh 6/15 | end up BVP | status=fail: 初始求解失败，请检查问题设置 | equation_converged=False | elapsed=70.29s | bvp_success=None bvp_tol=None bvp_n_nodes=None | T_out=None t_out=None
2026-04-05 16:47:51 | INFO     | [grid_independence] mesh 7/15 | begin up BVP | initial_mesh=39 | chdir_tmp=D:\Group\HyOCR\HG_test_202604\tmp\grid_independence_up_bvp
2026-04-05 16:49:51 | INFO     | [grid_independence] mesh 7/15 | end up BVP | status=success | equation_converged=True | elapsed=119.50s | bvp_success=True bvp_tol=0.001 bvp_n_nodes=158 | T_out=556.24460 t_out=1222.58013
2026-04-05 16:49:51 | INFO     | [grid_independence] mesh 8/15 | begin up BVP | initial_mesh=38 | chdir_tmp=D:\Group\HyOCR\HG_test_202604\tmp\grid_independence_up_bvp
2026-04-05 16:51:00 | INFO     | [grid_independence] mesh 8/15 | end up BVP | status=success | equation_converged=True | elapsed=68.92s | bvp_success=True bvp_tol=0.001 bvp_n_nodes=191 | T_out=556.24460 t_out=1222.58013
2026-04-05 16:51:00 | INFO     | [grid_independence] mesh 9/15 | begin up BVP | initial_mesh=37 | chdir_tmp=D:\Group\HyOCR\HG_test_202604\tmp\grid_independence_up_bvp
2026-04-05 16:53:18 | WARNING  | [grid_independence] run failed | mesh=37 detail=fail: 初始求解失败，请检查问题设置
2026-04-05 16:53:18 | INFO     | [grid_independence] mesh 9/15 | end up BVP | status=fail: 初始求解失败，请检查问题设置 | equation_converged=False | elapsed=138.39s | bvp_success=None bvp_tol=None bvp_n_nodes=None | T_out=None t_out=None
2026-04-05 16:53:18 | INFO     | [grid_independence] mesh 10/15 | begin up BVP | initial_mesh=36 | chdir_tmp=D:\Group\HyOCR\HG_test_202604\tmp\grid_independence_up_bvp
2026-04-05 16:55:12 | INFO     | [grid_independence] mesh 10/15 | end up BVP | status=success | equation_converged=True | elapsed=113.73s | bvp_success=True bvp_tol=0.001 bvp_n_nodes=169 | T_out=556.24471 t_out=1222.58012
2026-04-05 16:55:12 | INFO     | [grid_independence] mesh 11/15 | begin up BVP | initial_mesh=35 | chdir_tmp=D:\Group\HyOCR\HG_test_202604\tmp\grid_independence_up_bvp
2026-04-05 16:57:21 | INFO     | [grid_independence] mesh 11/15 | end up BVP | status=success | equation_converged=True | elapsed=129.08s | bvp_success=True bvp_tol=0.001 bvp_n_nodes=198 | T_out=556.24471 t_out=1222.58012
2026-04-05 16:57:21 | INFO     | [grid_independence] mesh 12/15 | begin up BVP | initial_mesh=34 | chdir_tmp=D:\Group\HyOCR\HG_test_202604\tmp\grid_independence_up_bvp
2026-04-05 16:58:48 | WARNING  | [grid_independence] run failed | mesh=34 detail=fail: 初始求解失败，请检查问题设置
2026-04-05 16:58:48 | INFO     | [grid_independence] mesh 12/15 | end up BVP | status=fail: 初始求解失败，请检查问题设置 | equation_converged=False | elapsed=87.25s | bvp_success=None bvp_tol=None bvp_n_nodes=None | T_out=None t_out=None
2026-04-05 16:58:48 | INFO     | [grid_independence] mesh 13/15 | begin up BVP | initial_mesh=33 | chdir_tmp=D:\Group\HyOCR\HG_test_202604\tmp\grid_independence_up_bvp
2026-04-05 17:00:19 | INFO     | [grid_independence] mesh 13/15 | end up BVP | status=success | equation_converged=True | elapsed=90.50s | bvp_success=True bvp_tol=0.001 bvp_n_nodes=152 | T_out=556.24462 t_out=1222.58012
2026-04-05 17:00:19 | INFO     | [grid_independence] mesh 14/15 | begin up BVP | initial_mesh=32 | chdir_tmp=D:\Group\HyOCR\HG_test_202604\tmp\grid_independence_up_bvp
2026-04-05 17:05:36 | INFO     | [grid_independence] mesh 14/15 | end up BVP | status=success | equation_converged=True | elapsed=317.29s | bvp_success=True bvp_tol=0.001 bvp_n_nodes=495 | T_out=556.24466 t_out=1222.58013
2026-04-05 17:05:36 | INFO     | [grid_independence] mesh 15/15 | begin up BVP | initial_mesh=31 | chdir_tmp=D:\Group\HyOCR\HG_test_202604\tmp\grid_independence_up_bvp
2026-04-05 17:06:11 | WARNING  | [grid_independence] run failed | mesh=31 detail=fail: 初始求解失败，请检查问题设置
2026-04-05 17:06:11 | INFO     | [grid_independence] mesh 15/15 | end up BVP | status=fail: 初始求解失败，请检查问题设置 | equation_converged=False | elapsed=34.83s | bvp_success=None bvp_tol=None bvp_n_nodes=None | T_out=None t_out=None
2026-04-05 17:06:11 | INFO     | [grid_independence] reference | initial_mesh=99 solver=bvp status=success
2026-04-05 17:06:11 | INFO     | [grid_independence] vs_ref | mesh=99 eq_conv=True stable=True rel_diff_max=0.0000e+00 abs_diff_outlet_max=0.0000e+00
2026-04-05 17:06:11 | INFO     | [grid_independence] vs_ref | mesh=98 eq_conv=True stable=True rel_diff_max=3.3835e-07 abs_diff_outlet_max=2.4548e-03
2026-04-05 17:06:11 | INFO     | [grid_independence] vs_ref | mesh=90 eq_conv=True stable=True rel_diff_max=2.2526e-07 abs_diff_outlet_max=1.1427e-03
2026-04-05 17:06:11 | INFO     | [grid_independence] vs_ref | mesh=80 eq_conv=True stable=True rel_diff_max=5.8407e-07 abs_diff_outlet_max=1.8666e-03
2026-04-05 17:06:11 | INFO     | [grid_independence] vs_ref | mesh=70 eq_conv=True stable=True rel_diff_max=3.5141e-07 abs_diff_outlet_max=7.3851e-04
2026-04-05 17:06:11 | INFO     | [grid_independence] vs_ref | mesh=60 eq_conv=False stable=False rel_diff_max=nan abs_diff_outlet_max=nan
2026-04-05 17:06:11 | INFO     | [grid_independence] vs_ref | mesh=39 eq_conv=True stable=True rel_diff_max=1.0652e-06 abs_diff_outlet_max=5.4612e-03
2026-04-05 17:06:11 | INFO     | [grid_independence] vs_ref | mesh=38 eq_conv=True stable=True rel_diff_max=1.0391e-06 abs_diff_outlet_max=2.7453e-03
2026-04-05 17:06:11 | INFO     | [grid_independence] vs_ref | mesh=37 eq_conv=False stable=False rel_diff_max=nan abs_diff_outlet_max=nan
2026-04-05 17:06:11 | INFO     | [grid_independence] vs_ref | mesh=36 eq_conv=True stable=True rel_diff_max=2.3786e-06 abs_diff_outlet_max=8.8492e-04
2026-04-05 17:06:11 | INFO     | [grid_independence] vs_ref | mesh=35 eq_conv=True stable=True rel_diff_max=2.6291e-06 abs_diff_outlet_max=5.5564e-03
2026-04-05 17:06:11 | INFO     | [grid_independence] vs_ref | mesh=34 eq_conv=False stable=False rel_diff_max=nan abs_diff_outlet_max=nan
2026-04-05 17:06:11 | INFO     | [grid_independence] vs_ref | mesh=33 eq_conv=True stable=True rel_diff_max=1.2746e-06 abs_diff_outlet_max=1.3230e-03
2026-04-05 17:06:11 | INFO     | [grid_independence] vs_ref | mesh=32 eq_conv=True stable=True rel_diff_max=3.3734e-07 abs_diff_outlet_max=1.1069e-03
2026-04-05 17:06:11 | INFO     | [grid_independence] vs_ref | mesh=31 eq_conv=False stable=False rel_diff_max=nan abs_diff_outlet_max=nan
2026-04-05 17:06:11 | INFO     | [grid_independence] done | region=up mode=bvp reference_mesh=99 recommended_min_mesh=32 | csv=D:\Group\HyOCR\HG_test_202604\output\grid_independence_up_bvp.csv | wall_s=2758.3
2026-04-06 08:31:24 | INFO     | [grid_independence] ========================================================================
2026-04-06 08:31:24 | INFO     | [grid_independence] start | argv=scripts/test_grid_independence.py --region up --mode bvp --meshes 50,49,48,47,46,45,44,43,42,41
2026-04-06 08:31:24 | INFO     | [grid_independence] config | region=up mode=bvp meshes=[50, 49, 48, 47, 46, 45, 44, 43, 42, 41] mesh_count=10
2026-04-06 08:31:24 | INFO     | [grid_independence] paths | csv_out=D:\Group\HyOCR\HG_test_202604\output\grid_independence_up_bvp.csv | progress_log=D:\Group\HyOCR\HG_test_202604\logs\grid_independence_up_bvp.log | tmp_dir=D:\Group\HyOCR\HG_test_202604\tmp\grid_independence_up_bvp
2026-04-06 08:31:24 | INFO     | [grid_independence] bvp_verbose=0
2026-04-06 08:31:24 | INFO     | [grid_independence] criteria | BVP require_success=True max_rms<=0.001 bc_l2<=1e-06 | stability rel_outlet<=0.001 abs_fractions<=0.0003
2026-04-06 08:31:24 | INFO     | [grid_independence] ========================================================================
2026-04-06 08:31:24 | INFO     | [grid_independence] mesh 1/10 | begin up BVP | initial_mesh=50 | chdir_tmp=D:\Group\HyOCR\HG_test_202604\tmp\grid_independence_up_bvp
2026-04-06 08:34:07 | INFO     | [grid_independence] mesh 1/10 | end up BVP | status=success | equation_converged=True | elapsed=162.73s | bvp_success=True bvp_tol=0.001 bvp_n_nodes=220 | T_out=556.24453 t_out=1222.58013
2026-04-06 08:34:07 | INFO     | [grid_independence] mesh 2/10 | begin up BVP | initial_mesh=49 | chdir_tmp=D:\Group\HyOCR\HG_test_202604\tmp\grid_independence_up_bvp
2026-04-06 08:36:01 | INFO     | [grid_independence] mesh 2/10 | end up BVP | status=success | equation_converged=True | elapsed=113.83s | bvp_success=True bvp_tol=0.001 bvp_n_nodes=183 | T_out=556.24467 t_out=1222.58009
2026-04-06 08:36:01 | INFO     | [grid_independence] mesh 3/10 | begin up BVP | initial_mesh=48 | chdir_tmp=D:\Group\HyOCR\HG_test_202604\tmp\grid_independence_up_bvp
2026-04-06 08:38:41 | INFO     | [grid_independence] mesh 3/10 | end up BVP | status=success | equation_converged=True | elapsed=159.94s | bvp_success=True bvp_tol=0.001 bvp_n_nodes=258 | T_out=556.24457 t_out=1222.58013
2026-04-06 08:38:41 | INFO     | [grid_independence] mesh 4/10 | begin up BVP | initial_mesh=47 | chdir_tmp=D:\Group\HyOCR\HG_test_202604\tmp\grid_independence_up_bvp
2026-04-06 08:40:56 | WARNING  | [grid_independence] run failed | mesh=47 detail=fail: 初始求解失败，请检查问题设置
2026-04-06 08:40:56 | INFO     | [grid_independence] mesh 4/10 | end up BVP | status=fail: 初始求解失败，请检查问题设置 | equation_converged=False | elapsed=135.40s | bvp_success=None bvp_tol=None bvp_n_nodes=None | T_out=None t_out=None
2026-04-06 08:40:56 | INFO     | [grid_independence] mesh 5/10 | begin up BVP | initial_mesh=46 | chdir_tmp=D:\Group\HyOCR\HG_test_202604\tmp\grid_independence_up_bvp
2026-04-06 08:44:45 | INFO     | [grid_independence] mesh 5/10 | end up BVP | status=success | equation_converged=True | elapsed=228.95s | bvp_success=True bvp_tol=0.001 bvp_n_nodes=459 | T_out=556.24462 t_out=1222.58013
2026-04-06 08:44:45 | INFO     | [grid_independence] mesh 6/10 | begin up BVP | initial_mesh=45 | chdir_tmp=D:\Group\HyOCR\HG_test_202604\tmp\grid_independence_up_bvp
2026-04-06 08:47:17 | INFO     | [grid_independence] mesh 6/10 | end up BVP | status=success | equation_converged=True | elapsed=151.98s | bvp_success=True bvp_tol=0.001 bvp_n_nodes=325 | T_out=556.24443 t_out=1222.58012
2026-04-06 08:47:17 | INFO     | [grid_independence] mesh 7/10 | begin up BVP | initial_mesh=44 | chdir_tmp=D:\Group\HyOCR\HG_test_202604\tmp\grid_independence_up_bvp
2026-04-06 08:48:51 | INFO     | [grid_independence] mesh 7/10 | end up BVP | status=success | equation_converged=True | elapsed=93.75s | bvp_success=True bvp_tol=0.001 bvp_n_nodes=187 | T_out=556.24467 t_out=1222.58013
2026-04-06 08:48:51 | INFO     | [grid_independence] mesh 8/10 | begin up BVP | initial_mesh=43 | chdir_tmp=D:\Group\HyOCR\HG_test_202604\tmp\grid_independence_up_bvp
2026-04-06 08:51:10 | INFO     | [grid_independence] mesh 8/10 | end up BVP | status=success | equation_converged=True | elapsed=138.96s | bvp_success=True bvp_tol=0.001 bvp_n_nodes=266 | T_out=556.24453 t_out=1222.58013
2026-04-06 08:51:10 | INFO     | [grid_independence] mesh 9/10 | begin up BVP | initial_mesh=42 | chdir_tmp=D:\Group\HyOCR\HG_test_202604\tmp\grid_independence_up_bvp
2026-04-06 08:51:58 | WARNING  | [grid_independence] run failed | mesh=42 detail=fail: 初始求解失败，请检查问题设置
2026-04-06 08:51:58 | INFO     | [grid_independence] mesh 9/10 | end up BVP | status=fail: 初始求解失败，请检查问题设置 | equation_converged=False | elapsed=48.69s | bvp_success=None bvp_tol=None bvp_n_nodes=None | T_out=None t_out=None
2026-04-06 08:51:58 | INFO     | [grid_independence] mesh 10/10 | begin up BVP | initial_mesh=41 | chdir_tmp=D:\Group\HyOCR\HG_test_202604\tmp\grid_independence_up_bvp
2026-04-06 08:52:46 | WARNING  | [grid_independence] run failed | mesh=41 detail=fail: 初始求解失败，请检查问题设置
2026-04-06 08:52:46 | INFO     | [grid_independence] mesh 10/10 | end up BVP | status=fail: 初始求解失败，请检查问题设置 | equation_converged=False | elapsed=47.67s | bvp_success=None bvp_tol=None bvp_n_nodes=None | T_out=None t_out=None
2026-04-06 08:52:46 | INFO     | [grid_independence] reference | initial_mesh=50 solver=bvp status=success
2026-04-06 08:52:46 | INFO     | [grid_independence] vs_ref | mesh=50 eq_conv=True stable=True rel_diff_max=0.0000e+00 abs_diff_outlet_max=0.0000e+00
2026-04-06 08:52:46 | INFO     | [grid_independence] vs_ref | mesh=49 eq_conv=True stable=True rel_diff_max=1.7301e-06 abs_diff_outlet_max=3.9190e-03
2026-04-06 08:52:46 | INFO     | [grid_independence] vs_ref | mesh=48 eq_conv=True stable=True rel_diff_max=9.1784e-07 abs_diff_outlet_max=4.2337e-03
2026-04-06 08:52:46 | INFO     | [grid_independence] vs_ref | mesh=47 eq_conv=False stable=False rel_diff_max=nan abs_diff_outlet_max=nan
2026-04-06 08:52:46 | INFO     | [grid_independence] vs_ref | mesh=46 eq_conv=True stable=True rel_diff_max=1.0258e-06 abs_diff_outlet_max=4.4590e-03
2026-04-06 08:52:46 | INFO     | [grid_independence] vs_ref | mesh=45 eq_conv=True stable=True rel_diff_max=7.4842e-07 abs_diff_outlet_max=4.9816e-03
2026-04-06 08:52:46 | INFO     | [grid_independence] vs_ref | mesh=44 eq_conv=True stable=True rel_diff_max=4.5642e-07 abs_diff_outlet_max=2.2614e-04
2026-04-06 08:52:46 | INFO     | [grid_independence] vs_ref | mesh=43 eq_conv=True stable=True rel_diff_max=6.2659e-07 abs_diff_outlet_max=4.5461e-03
2026-04-06 08:52:46 | INFO     | [grid_independence] vs_ref | mesh=42 eq_conv=False stable=False rel_diff_max=nan abs_diff_outlet_max=nan
2026-04-06 08:52:46 | INFO     | [grid_independence] vs_ref | mesh=41 eq_conv=False stable=False rel_diff_max=nan abs_diff_outlet_max=nan
2026-04-06 08:52:46 | INFO     | [grid_independence] done | region=up mode=bvp reference_mesh=50 recommended_min_mesh=43 | csv=D:\Group\HyOCR\HG_test_202604\output\grid_independence_up_bvp.csv | wall_s=1281.9
2026-04-06 08:54:56 | INFO     | [grid_independence] ========================================================================
2026-04-06 08:54:56 | INFO     | [grid_independence] start | argv=scripts/test_grid_independence.py --region up --mode bvp --meshes 59,58,57,56,5,54,53,52,51
2026-04-06 08:54:56 | INFO     | [grid_independence] config | region=up mode=bvp meshes=[59, 58, 57, 56, 5, 54, 53, 52, 51] mesh_count=9
2026-04-06 08:54:56 | INFO     | [grid_independence] paths | csv_out=D:\Group\HyOCR\HG_test_202604\output\grid_independence_up_bvp.csv | progress_log=D:\Group\HyOCR\HG_test_202604\logs\grid_independence_up_bvp.log | tmp_dir=D:\Group\HyOCR\HG_test_202604\tmp\grid_independence_up_bvp
2026-04-06 08:54:56 | INFO     | [grid_independence] bvp_verbose=0
2026-04-06 08:54:56 | INFO     | [grid_independence] criteria | BVP require_success=True max_rms<=0.001 bc_l2<=1e-06 | stability rel_outlet<=0.001 abs_fractions<=0.0003
2026-04-06 08:54:56 | INFO     | [grid_independence] ========================================================================
2026-04-06 08:54:56 | INFO     | [grid_independence] mesh 1/9 | begin up BVP | initial_mesh=59 | chdir_tmp=D:\Group\HyOCR\HG_test_202604\tmp\grid_independence_up_bvp
2026-04-06 08:57:02 | INFO     | [grid_independence] mesh 1/9 | end up BVP | status=success | equation_converged=True | elapsed=126.45s | bvp_success=True bvp_tol=0.001 bvp_n_nodes=191 | T_out=556.24466 t_out=1222.58013
2026-04-06 08:57:02 | INFO     | [grid_independence] mesh 2/9 | begin up BVP | initial_mesh=58 | chdir_tmp=D:\Group\HyOCR\HG_test_202604\tmp\grid_independence_up_bvp
2026-04-06 08:59:59 | INFO     | [grid_independence] mesh 2/9 | end up BVP | status=success | equation_converged=True | elapsed=176.65s | bvp_success=True bvp_tol=0.001 bvp_n_nodes=314 | T_out=556.24438 t_out=1222.58013
2026-04-06 08:59:59 | INFO     | [grid_independence] mesh 3/9 | begin up BVP | initial_mesh=57 | chdir_tmp=D:\Group\HyOCR\HG_test_202604\tmp\grid_independence_up_bvp
2026-04-06 09:03:01 | INFO     | [grid_independence] mesh 3/9 | end up BVP | status=success | equation_converged=True | elapsed=182.59s | bvp_success=True bvp_tol=0.001 bvp_n_nodes=276 | T_out=556.24467 t_out=1222.58012
2026-04-06 09:03:01 | INFO     | [grid_independence] mesh 4/9 | begin up BVP | initial_mesh=56 | chdir_tmp=D:\Group\HyOCR\HG_test_202604\tmp\grid_independence_up_bvp
2026-04-06 09:05:08 | INFO     | [grid_independence] mesh 4/9 | end up BVP | status=success | equation_converged=True | elapsed=127.13s | bvp_success=True bvp_tol=0.001 bvp_n_nodes=213 | T_out=556.24461 t_out=1222.58013
2026-04-06 09:05:08 | INFO     | [grid_independence] mesh 5/9 | begin up BVP | initial_mesh=5 | chdir_tmp=D:\Group\HyOCR\HG_test_202604\tmp\grid_independence_up_bvp
2026-04-06 09:05:14 | WARNING  | [grid_independence] run failed | mesh=5 detail=fail: 初始求解失败，请检查问题设置
2026-04-06 09:05:14 | INFO     | [grid_independence] mesh 5/9 | end up BVP | status=fail: 初始求解失败，请检查问题设置 | equation_converged=False | elapsed=5.20s | bvp_success=None bvp_tol=None bvp_n_nodes=None | T_out=None t_out=None
2026-04-06 09:05:14 | INFO     | [grid_independence] mesh 6/9 | begin up BVP | initial_mesh=54 | chdir_tmp=D:\Group\HyOCR\HG_test_202604\tmp\grid_independence_up_bvp
2026-04-06 09:07:36 | INFO     | [grid_independence] mesh 6/9 | end up BVP | status=success | equation_converged=True | elapsed=142.37s | bvp_success=True bvp_tol=0.001 bvp_n_nodes=221 | T_out=556.24459 t_out=1222.58013
2026-04-06 09:07:36 | INFO     | [grid_independence] mesh 7/9 | begin up BVP | initial_mesh=53 | chdir_tmp=D:\Group\HyOCR\HG_test_202604\tmp\grid_independence_up_bvp
2026-04-06 09:11:20 | INFO     | [grid_independence] mesh 7/9 | end up BVP | status=success | equation_converged=True | elapsed=223.70s | bvp_success=True bvp_tol=0.001 bvp_n_nodes=319 | T_out=556.24464 t_out=1222.58013
2026-04-06 09:11:20 | INFO     | [grid_independence] mesh 8/9 | begin up BVP | initial_mesh=52 | chdir_tmp=D:\Group\HyOCR\HG_test_202604\tmp\grid_independence_up_bvp
2026-04-06 09:18:09 | INFO     | [grid_independence] mesh 8/9 | end up BVP | status=success | equation_converged=True | elapsed=409.76s | bvp_success=True bvp_tol=0.001 bvp_n_nodes=388 | T_out=556.24449 t_out=1222.58013
2026-04-06 09:18:09 | INFO     | [grid_independence] mesh 9/9 | begin up BVP | initial_mesh=51 | chdir_tmp=D:\Group\HyOCR\HG_test_202604\tmp\grid_independence_up_bvp
2026-04-06 09:19:11 | WARNING  | [grid_independence] run failed | mesh=51 detail=fail: 初始求解失败，请检查问题设置
2026-04-06 09:19:11 | INFO     | [grid_independence] mesh 9/9 | end up BVP | status=fail: 初始求解失败，请检查问题设置 | equation_converged=False | elapsed=61.29s | bvp_success=None bvp_tol=None bvp_n_nodes=None | T_out=None t_out=None
2026-04-06 09:19:11 | INFO     | [grid_independence] reference | initial_mesh=59 solver=bvp status=success
2026-04-06 09:19:11 | INFO     | [grid_independence] vs_ref | mesh=59 eq_conv=True stable=True rel_diff_max=0.0000e+00 abs_diff_outlet_max=0.0000e+00
2026-04-06 09:19:11 | INFO     | [grid_independence] vs_ref | mesh=58 eq_conv=True stable=True rel_diff_max=9.1684e-07 abs_diff_outlet_max=6.6519e-03
2026-04-06 09:19:11 | INFO     | [grid_independence] vs_ref | mesh=57 eq_conv=True stable=True rel_diff_max=5.6674e-07 abs_diff_outlet_max=3.3545e-03
2026-04-06 09:19:11 | INFO     | [grid_independence] vs_ref | mesh=56 eq_conv=True stable=True rel_diff_max=4.5443e-07 abs_diff_outlet_max=1.1267e-03
2026-04-06 09:19:11 | INFO     | [grid_independence] vs_ref | mesh=5 eq_conv=False stable=False rel_diff_max=nan abs_diff_outlet_max=nan
2026-04-06 09:19:11 | INFO     | [grid_independence] vs_ref | mesh=54 eq_conv=True stable=True rel_diff_max=1.7473e-07 abs_diff_outlet_max=1.2677e-03
2026-04-06 09:19:11 | INFO     | [grid_independence] vs_ref | mesh=53 eq_conv=True stable=True rel_diff_max=3.1978e-07 abs_diff_outlet_max=2.3201e-03
2026-04-06 09:19:11 | INFO     | [grid_independence] vs_ref | mesh=52 eq_conv=True stable=True rel_diff_max=1.2359e-06 abs_diff_outlet_max=7.1196e-04
2026-04-06 09:19:11 | INFO     | [grid_independence] vs_ref | mesh=51 eq_conv=False stable=False rel_diff_max=nan abs_diff_outlet_max=nan
2026-04-06 09:19:11 | INFO     | [grid_independence] done | region=up mode=bvp reference_mesh=59 recommended_min_mesh=52 | csv=D:\Group\HyOCR\HG_test_202604\output\grid_independence_up_bvp.csv | wall_s=1455.2
2026-04-06 09:27:17 | INFO     | [grid_independence] ========================================================================
2026-04-06 09:27:17 | INFO     | [grid_independence] start | argv=scripts/test_grid_independence.py --region up --mode bvp --meshes 69,68,67,66,65,64,63,62,61,55
2026-04-06 09:27:17 | INFO     | [grid_independence] config | region=up mode=bvp meshes=[69, 68, 67, 66, 65, 64, 63, 62, 61, 55] mesh_count=10
2026-04-06 09:27:17 | INFO     | [grid_independence] paths | csv_out=D:\Group\HyOCR\HG_test_202604\output\grid_independence_up_bvp.csv | progress_log=D:\Group\HyOCR\HG_test_202604\logs\grid_independence_up_bvp.log | tmp_dir=D:\Group\HyOCR\HG_test_202604\tmp\grid_independence_up_bvp
2026-04-06 09:27:17 | INFO     | [grid_independence] bvp_verbose=0
2026-04-06 09:27:17 | INFO     | [grid_independence] criteria | BVP require_success=True max_rms<=0.001 bc_l2<=1e-06 | stability rel_outlet<=0.001 abs_fractions<=0.0003
2026-04-06 09:27:17 | INFO     | [grid_independence] ========================================================================
2026-04-06 09:27:17 | INFO     | [grid_independence] mesh 1/10 | begin up BVP | initial_mesh=69 | chdir_tmp=D:\Group\HyOCR\HG_test_202604\tmp\grid_independence_up_bvp
2026-04-06 09:37:17 | INFO     | [grid_independence] mesh 1/10 | end up BVP | status=success | equation_converged=True | elapsed=599.86s | bvp_success=True bvp_tol=0.001 bvp_n_nodes=1248 | T_out=556.24458 t_out=1222.58013
2026-04-06 09:37:17 | INFO     | [grid_independence] mesh 2/10 | begin up BVP | initial_mesh=68 | chdir_tmp=D:\Group\HyOCR\HG_test_202604\tmp\grid_independence_up_bvp
2026-04-06 09:40:05 | INFO     | [grid_independence] mesh 2/10 | end up BVP | status=success | equation_converged=True | elapsed=167.48s | bvp_success=True bvp_tol=0.001 bvp_n_nodes=249 | T_out=556.24470 t_out=1222.58012
2026-04-06 09:40:05 | INFO     | [grid_independence] mesh 3/10 | begin up BVP | initial_mesh=67 | chdir_tmp=D:\Group\HyOCR\HG_test_202604\tmp\grid_independence_up_bvp
2026-04-06 09:43:43 | INFO     | [grid_independence] mesh 3/10 | end up BVP | status=success | equation_converged=True | elapsed=218.54s | bvp_success=True bvp_tol=0.001 bvp_n_nodes=282 | T_out=556.24456 t_out=1222.58012
2026-04-06 09:43:43 | INFO     | [grid_independence] mesh 4/10 | begin up BVP | initial_mesh=66 | chdir_tmp=D:\Group\HyOCR\HG_test_202604\tmp\grid_independence_up_bvp
2026-04-06 09:46:14 | INFO     | [grid_independence] mesh 4/10 | end up BVP | status=success | equation_converged=True | elapsed=150.57s | bvp_success=True bvp_tol=0.001 bvp_n_nodes=282 | T_out=556.24464 t_out=1222.58013
2026-04-06 09:46:14 | INFO     | [grid_independence] mesh 5/10 | begin up BVP | initial_mesh=65 | chdir_tmp=D:\Group\HyOCR\HG_test_202604\tmp\grid_independence_up_bvp
2026-04-06 09:56:19 | WARNING  | [grid_independence] run failed | mesh=65 detail=fail: 初始求解失败，请检查问题设置
2026-04-06 09:56:19 | INFO     | [grid_independence] mesh 5/10 | end up BVP | status=fail: 初始求解失败，请检查问题设置 | equation_converged=False | elapsed=604.91s | bvp_success=None bvp_tol=None bvp_n_nodes=None | T_out=None t_out=None
2026-04-06 09:56:19 | INFO     | [grid_independence] mesh 6/10 | begin up BVP | initial_mesh=64 | chdir_tmp=D:\Group\HyOCR\HG_test_202604\tmp\grid_independence_up_bvp
2026-04-06 10:00:59 | INFO     | [grid_independence] mesh 6/10 | end up BVP | status=success | equation_converged=True | elapsed=279.71s | bvp_success=True bvp_tol=0.001 bvp_n_nodes=542 | T_out=556.24460 t_out=1222.58013
2026-04-06 10:00:59 | INFO     | [grid_independence] mesh 7/10 | begin up BVP | initial_mesh=63 | chdir_tmp=D:\Group\HyOCR\HG_test_202604\tmp\grid_independence_up_bvp
2026-04-06 10:04:01 | INFO     | [grid_independence] mesh 7/10 | end up BVP | status=success | equation_converged=True | elapsed=182.25s | bvp_success=True bvp_tol=0.001 bvp_n_nodes=261 | T_out=556.24453 t_out=1222.58013
2026-04-06 10:04:01 | INFO     | [grid_independence] mesh 8/10 | begin up BVP | initial_mesh=62 | chdir_tmp=D:\Group\HyOCR\HG_test_202604\tmp\grid_independence_up_bvp
2026-04-06 10:06:09 | INFO     | [grid_independence] mesh 8/10 | end up BVP | status=success | equation_converged=True | elapsed=128.58s | bvp_success=True bvp_tol=0.001 bvp_n_nodes=234 | T_out=556.24447 t_out=1222.58013
2026-04-06 10:06:09 | INFO     | [grid_independence] mesh 9/10 | begin up BVP | initial_mesh=61 | chdir_tmp=D:\Group\HyOCR\HG_test_202604\tmp\grid_independence_up_bvp
2026-04-06 10:07:56 | INFO     | [grid_independence] mesh 9/10 | end up BVP | status=success | equation_converged=True | elapsed=107.06s | bvp_success=True bvp_tol=0.001 bvp_n_nodes=180 | T_out=556.24474 t_out=1222.58012
2026-04-06 10:07:56 | INFO     | [grid_independence] mesh 10/10 | begin up BVP | initial_mesh=55 | chdir_tmp=D:\Group\HyOCR\HG_test_202604\tmp\grid_independence_up_bvp
2026-04-06 10:10:12 | INFO     | [grid_independence] mesh 10/10 | end up BVP | status=success | equation_converged=True | elapsed=135.33s | bvp_success=True bvp_tol=0.001 bvp_n_nodes=214 | T_out=556.24482 t_out=1222.58012
2026-04-06 10:10:12 | INFO     | [grid_independence] reference | initial_mesh=69 solver=bvp status=success
2026-04-06 10:10:12 | INFO     | [grid_independence] vs_ref | mesh=69 eq_conv=True stable=True rel_diff_max=0.0000e+00 abs_diff_outlet_max=0.0000e+00
2026-04-06 10:10:12 | INFO     | [grid_independence] vs_ref | mesh=68 eq_conv=True stable=True rel_diff_max=1.7745e-06 abs_diff_outlet_max=4.8403e-03
2026-04-06 10:10:12 | INFO     | [grid_independence] vs_ref | mesh=67 eq_conv=True stable=True rel_diff_max=1.4501e-06 abs_diff_outlet_max=3.8983e-03
2026-04-06 10:10:12 | INFO     | [grid_independence] vs_ref | mesh=66 eq_conv=True stable=True rel_diff_max=1.1734e-06 abs_diff_outlet_max=1.0012e-03
2026-04-06 10:10:12 | INFO     | [grid_independence] vs_ref | mesh=65 eq_conv=False stable=False rel_diff_max=nan abs_diff_outlet_max=nan
2026-04-06 10:10:12 | INFO     | [grid_independence] vs_ref | mesh=64 eq_conv=True stable=True rel_diff_max=6.4452e-08 abs_diff_outlet_max=3.1116e-04
2026-04-06 10:10:12 | INFO     | [grid_independence] vs_ref | mesh=63 eq_conv=True stable=True rel_diff_max=2.6651e-07 abs_diff_outlet_max=1.8877e-04
2026-04-06 10:10:12 | INFO     | [grid_independence] vs_ref | mesh=62 eq_conv=True stable=True rel_diff_max=5.1217e-07 abs_diff_outlet_max=3.7160e-03
2026-04-06 10:10:12 | INFO     | [grid_independence] vs_ref | mesh=61 eq_conv=True stable=True rel_diff_max=6.7517e-07 abs_diff_outlet_max=4.8985e-03
2026-04-06 10:10:12 | INFO     | [grid_independence] vs_ref | mesh=55 eq_conv=True stable=True rel_diff_max=1.2802e-06 abs_diff_outlet_max=2.5753e-04
2026-04-06 10:10:12 | INFO     | [grid_independence] done | region=up mode=bvp reference_mesh=69 recommended_min_mesh=55 | csv=D:\Group\HyOCR\HG_test_202604\output\grid_independence_up_bvp.csv | wall_s=2574.3
2026-04-06 10:15:42 | INFO     | [grid_independence] ========================================================================
2026-04-06 10:15:42 | INFO     | [grid_independence] start | argv=scripts/test_grid_independence.py --region up --mode bvp --meshes 79,78,77,76,75,74,73,72,71
2026-04-06 10:15:42 | INFO     | [grid_independence] config | region=up mode=bvp meshes=[79, 78, 77, 76, 75, 74, 73, 72, 71] mesh_count=9
2026-04-06 10:15:42 | INFO     | [grid_independence] paths | csv_out=D:\Group\HyOCR\HG_test_202604\output\grid_independence_up_bvp.csv | progress_log=D:\Group\HyOCR\HG_test_202604\logs\grid_independence_up_bvp.log | tmp_dir=D:\Group\HyOCR\HG_test_202604\tmp\grid_independence_up_bvp
2026-04-06 10:15:42 | INFO     | [grid_independence] bvp_verbose=0
2026-04-06 10:15:42 | INFO     | [grid_independence] criteria | BVP require_success=True max_rms<=0.001 bc_l2<=1e-06 | stability rel_outlet<=0.001 abs_fractions<=0.0003
2026-04-06 10:15:42 | INFO     | [grid_independence] ========================================================================
2026-04-06 10:15:42 | INFO     | [grid_independence] mesh 1/9 | begin up BVP | initial_mesh=79 | chdir_tmp=D:\Group\HyOCR\HG_test_202604\tmp\grid_independence_up_bvp
2026-04-06 10:18:16 | INFO     | [grid_independence] mesh 1/9 | end up BVP | status=success | equation_converged=True | elapsed=154.09s | bvp_success=True bvp_tol=0.001 bvp_n_nodes=255 | T_out=556.24463 t_out=1222.58013
2026-04-06 10:18:16 | INFO     | [grid_independence] mesh 2/9 | begin up BVP | initial_mesh=78 | chdir_tmp=D:\Group\HyOCR\HG_test_202604\tmp\grid_independence_up_bvp
2026-04-06 10:21:49 | WARNING  | [grid_independence] run failed | mesh=78 detail=fail: 初始求解失败，请检查问题设置
2026-04-06 10:21:49 | INFO     | [grid_independence] mesh 2/9 | end up BVP | status=fail: 初始求解失败，请检查问题设置 | equation_converged=False | elapsed=213.11s | bvp_success=None bvp_tol=None bvp_n_nodes=None | T_out=None t_out=None
2026-04-06 10:21:49 | INFO     | [grid_independence] mesh 3/9 | begin up BVP | initial_mesh=77 | chdir_tmp=D:\Group\HyOCR\HG_test_202604\tmp\grid_independence_up_bvp
2026-04-06 10:24:35 | INFO     | [grid_independence] mesh 3/9 | end up BVP | status=success | equation_converged=True | elapsed=165.52s | bvp_success=True bvp_tol=0.001 bvp_n_nodes=308 | T_out=556.24448 t_out=1222.58014
2026-04-06 10:24:35 | INFO     | [grid_independence] mesh 4/9 | begin up BVP | initial_mesh=76 | chdir_tmp=D:\Group\HyOCR\HG_test_202604\tmp\grid_independence_up_bvp
2026-04-06 10:27:56 | INFO     | [grid_independence] mesh 4/9 | end up BVP | status=success | equation_converged=True | elapsed=201.23s | bvp_success=True bvp_tol=0.001 bvp_n_nodes=293 | T_out=556.24457 t_out=1222.58013
2026-04-06 10:27:56 | INFO     | [grid_independence] mesh 5/9 | begin up BVP | initial_mesh=75 | chdir_tmp=D:\Group\HyOCR\HG_test_202604\tmp\grid_independence_up_bvp
2026-04-06 10:31:42 | INFO     | [grid_independence] mesh 5/9 | end up BVP | status=success | equation_converged=True | elapsed=226.46s | bvp_success=True bvp_tol=0.001 bvp_n_nodes=289 | T_out=556.24465 t_out=1222.58013
2026-04-06 10:31:42 | INFO     | [grid_independence] mesh 6/9 | begin up BVP | initial_mesh=74 | chdir_tmp=D:\Group\HyOCR\HG_test_202604\tmp\grid_independence_up_bvp
2026-04-06 10:33:04 | WARNING  | [grid_independence] run failed | mesh=74 detail=fail: 初始求解失败，请检查问题设置
2026-04-06 10:33:04 | INFO     | [grid_independence] mesh 6/9 | end up BVP | status=fail: 初始求解失败，请检查问题设置 | equation_converged=False | elapsed=81.39s | bvp_success=None bvp_tol=None bvp_n_nodes=None | T_out=None t_out=None
2026-04-06 10:33:04 | INFO     | [grid_independence] mesh 7/9 | begin up BVP | initial_mesh=73 | chdir_tmp=D:\Group\HyOCR\HG_test_202604\tmp\grid_independence_up_bvp
2026-04-06 10:34:51 | INFO     | [grid_independence] mesh 7/9 | end up BVP | status=success | equation_converged=True | elapsed=107.50s | bvp_success=True bvp_tol=0.001 bvp_n_nodes=215 | T_out=556.24461 t_out=1222.58013
2026-04-06 10:34:51 | INFO     | [grid_independence] mesh 8/9 | begin up BVP | initial_mesh=72 | chdir_tmp=D:\Group\HyOCR\HG_test_202604\tmp\grid_independence_up_bvp
2026-04-06 10:37:04 | INFO     | [grid_independence] mesh 8/9 | end up BVP | status=success | equation_converged=True | elapsed=132.86s | bvp_success=True bvp_tol=0.001 bvp_n_nodes=209 | T_out=556.24474 t_out=1222.58012
2026-04-06 10:37:04 | INFO     | [grid_independence] mesh 9/9 | begin up BVP | initial_mesh=71 | chdir_tmp=D:\Group\HyOCR\HG_test_202604\tmp\grid_independence_up_bvp
2026-04-06 10:39:37 | INFO     | [grid_independence] mesh 9/9 | end up BVP | status=success | equation_converged=True | elapsed=152.39s | bvp_success=True bvp_tol=0.001 bvp_n_nodes=211 | T_out=556.24458 t_out=1222.58013
2026-04-06 10:39:37 | INFO     | [grid_independence] reference | initial_mesh=79 solver=bvp status=success
2026-04-06 10:39:37 | INFO     | [grid_independence] vs_ref | mesh=79 eq_conv=True stable=True rel_diff_max=0.0000e+00 abs_diff_outlet_max=0.0000e+00
2026-04-06 10:39:37 | INFO     | [grid_independence] vs_ref | mesh=78 eq_conv=False stable=False rel_diff_max=nan abs_diff_outlet_max=nan
2026-04-06 10:39:37 | INFO     | [grid_independence] vs_ref | mesh=77 eq_conv=True stable=True rel_diff_max=1.0995e-06 abs_diff_outlet_max=3.1354e-03
2026-04-06 10:39:37 | INFO     | [grid_independence] vs_ref | mesh=76 eq_conv=True stable=True rel_diff_max=5.3703e-07 abs_diff_outlet_max=8.3234e-04
2026-04-06 10:39:37 | INFO     | [grid_independence] vs_ref | mesh=75 eq_conv=True stable=True rel_diff_max=8.1173e-07 abs_diff_outlet_max=3.2249e-03
2026-04-06 10:39:37 | INFO     | [grid_independence] vs_ref | mesh=74 eq_conv=False stable=False rel_diff_max=nan abs_diff_outlet_max=nan
2026-04-06 10:39:37 | INFO     | [grid_independence] vs_ref | mesh=73 eq_conv=True stable=True rel_diff_max=5.9067e-07 abs_diff_outlet_max=7.9794e-04
2026-04-06 10:39:37 | INFO     | [grid_independence] vs_ref | mesh=72 eq_conv=True stable=True rel_diff_max=6.1827e-07 abs_diff_outlet_max=9.3993e-04
2026-04-06 10:39:37 | INFO     | [grid_independence] vs_ref | mesh=71 eq_conv=True stable=True rel_diff_max=3.7528e-07 abs_diff_outlet_max=2.7228e-03
2026-04-06 10:39:37 | INFO     | [grid_independence] done | region=up mode=bvp reference_mesh=79 recommended_min_mesh=71 | csv=D:\Group\HyOCR\HG_test_202604\output\grid_independence_up_bvp.csv | wall_s=1434.6
2026-04-06 11:42:52 | INFO     | [grid_independence] ========================================================================
2026-04-06 11:42:52 | INFO     | [grid_independence] start | argv=scripts/test_grid_independence.py --region up --mode bvp --meshes 100,78,74,65,60,51,47,42,41
2026-04-06 11:42:52 | INFO     | [grid_independence] config | region=up mode=bvp meshes=[100, 78, 74, 65, 60, 51, 47, 42, 41] mesh_count=9
2026-04-06 11:42:52 | INFO     | [grid_independence] paths | csv_out=D:\Group\HyOCR\HG_test_202604\output\grid_independence_up_bvp.csv | progress_log=D:\Group\HyOCR\HG_test_202604\logs\grid_independence_up_bvp.log | tmp_dir=D:\Group\HyOCR\HG_test_202604\tmp\grid_independence_up_bvp
2026-04-06 11:42:52 | INFO     | [grid_independence] bvp_verbose=0
2026-04-06 11:42:52 | INFO     | [grid_independence] criteria | BVP require_success=True max_rms<=0.001 bc_l2<=1e-06 | stability rel_outlet<=0.001 abs_fractions<=0.0003
2026-04-06 11:42:52 | INFO     | [grid_independence] ========================================================================
2026-04-06 11:42:52 | INFO     | [grid_independence] mesh 1/9 | begin up BVP | initial_mesh=100 | chdir_tmp=D:\Group\HyOCR\HG_test_202604\tmp\grid_independence_up_bvp
2026-04-06 12:09:49 | INFO     | [grid_independence] mesh 1/9 | end up BVP | status=success | equation_converged=True | elapsed=1616.54s | bvp_success=True bvp_tol=0.001 bvp_n_nodes=3609 | T_out=556.24453 t_out=1222.58013
2026-04-06 12:09:49 | INFO     | [grid_independence] mesh 2/9 | begin up BVP | initial_mesh=78 | chdir_tmp=D:\Group\HyOCR\HG_test_202604\tmp\grid_independence_up_bvp
2026-04-06 12:36:59 | INFO     | [grid_independence] mesh 2/9 | end up BVP | status=success | equation_converged=True | elapsed=1630.25s | bvp_success=True bvp_tol=0.001 bvp_n_nodes=2425 | T_out=556.24457 t_out=1222.58013
2026-04-06 12:36:59 | INFO     | [grid_independence] mesh 3/9 | begin up BVP | initial_mesh=74 | chdir_tmp=D:\Group\HyOCR\HG_test_202604\tmp\grid_independence_up_bvp
2026-04-06 12:55:55 | INFO     | [grid_independence] mesh 3/9 | end up BVP | status=success | equation_converged=True | elapsed=1136.44s | bvp_success=True bvp_tol=0.001 bvp_n_nodes=1640 | T_out=556.24453 t_out=1222.58013
2026-04-06 12:55:55 | INFO     | [grid_independence] mesh 4/9 | begin up BVP | initial_mesh=65 | chdir_tmp=D:\Group\HyOCR\HG_test_202604\tmp\grid_independence_up_bvp
2026-04-06 13:09:55 | INFO     | [grid_independence] mesh 4/9 | end up BVP | status=success | equation_converged=True | elapsed=839.51s | bvp_success=True bvp_tol=0.001 bvp_n_nodes=1319 | T_out=556.24463 t_out=1222.58013
2026-04-06 13:09:55 | INFO     | [grid_independence] mesh 5/9 | begin up BVP | initial_mesh=60 | chdir_tmp=D:\Group\HyOCR\HG_test_202604\tmp\grid_independence_up_bvp
2026-04-06 13:13:28 | WARNING  | [grid_independence] run failed | mesh=60 detail=fail: 初始求解失败，请检查问题设置
2026-04-06 13:13:28 | INFO     | [grid_independence] mesh 5/9 | end up BVP | status=fail: 初始求解失败，请检查问题设置 | equation_converged=False | elapsed=212.96s | bvp_success=None bvp_tol=None bvp_n_nodes=None | T_out=None t_out=None
2026-04-06 13:13:28 | INFO     | [grid_independence] mesh 6/9 | begin up BVP | initial_mesh=51 | chdir_tmp=D:\Group\HyOCR\HG_test_202604\tmp\grid_independence_up_bvp
2026-04-06 13:16:41 | WARNING  | [grid_independence] run failed | mesh=51 detail=fail: 初始求解失败，请检查问题设置
2026-04-06 13:16:41 | INFO     | [grid_independence] mesh 6/9 | end up BVP | status=fail: 初始求解失败，请检查问题设置 | equation_converged=False | elapsed=193.04s | bvp_success=None bvp_tol=None bvp_n_nodes=None | T_out=None t_out=None
2026-04-06 13:16:41 | INFO     | [grid_independence] mesh 7/9 | begin up BVP | initial_mesh=47 | chdir_tmp=D:\Group\HyOCR\HG_test_202604\tmp\grid_independence_up_bvp
2026-04-06 13:22:01 | WARNING  | [grid_independence] run failed | mesh=47 detail=fail: 初始求解失败，请检查问题设置
2026-04-06 13:22:01 | INFO     | [grid_independence] mesh 7/9 | end up BVP | status=fail: 初始求解失败，请检查问题设置 | equation_converged=False | elapsed=319.78s | bvp_success=None bvp_tol=None bvp_n_nodes=None | T_out=None t_out=None
2026-04-06 13:22:01 | INFO     | [grid_independence] mesh 8/9 | begin up BVP | initial_mesh=42 | chdir_tmp=D:\Group\HyOCR\HG_test_202604\tmp\grid_independence_up_bvp
2026-04-06 13:23:12 | WARNING  | [grid_independence] run failed | mesh=42 detail=fail: 初始求解失败，请检查问题设置
2026-04-06 13:23:12 | INFO     | [grid_independence] mesh 8/9 | end up BVP | status=fail: 初始求解失败，请检查问题设置 | equation_converged=False | elapsed=71.57s | bvp_success=None bvp_tol=None bvp_n_nodes=None | T_out=None t_out=None
2026-04-06 13:23:12 | INFO     | [grid_independence] mesh 9/9 | begin up BVP | initial_mesh=41 | chdir_tmp=D:\Group\HyOCR\HG_test_202604\tmp\grid_independence_up_bvp
2026-04-06 13:27:52 | WARNING  | [grid_independence] run failed | mesh=41 detail=fail: 初始求解失败，请检查问题设置
2026-04-06 13:27:52 | INFO     | [grid_independence] mesh 9/9 | end up BVP | status=fail: 初始求解失败，请检查问题设置 | equation_converged=False | elapsed=280.35s | bvp_success=None bvp_tol=None bvp_n_nodes=None | T_out=None t_out=None
2026-04-06 13:27:52 | INFO     | [grid_independence] reference | initial_mesh=100 solver=bvp status=success
2026-04-06 13:27:52 | INFO     | [grid_independence] vs_ref | mesh=100 eq_conv=True stable=True rel_diff_max=0.0000e+00 abs_diff_outlet_max=0.0000e+00
2026-04-06 13:27:52 | INFO     | [grid_independence] vs_ref | mesh=78 eq_conv=True stable=True rel_diff_max=6.4351e-08 abs_diff_outlet_max=7.7889e-05
2026-04-06 13:27:52 | INFO     | [grid_independence] vs_ref | mesh=74 eq_conv=True stable=True rel_diff_max=6.8199e-08 abs_diff_outlet_max=1.4187e-04
2026-04-06 13:27:52 | INFO     | [grid_independence] vs_ref | mesh=65 eq_conv=True stable=True rel_diff_max=1.7123e-07 abs_diff_outlet_max=9.5246e-05
2026-04-06 13:27:52 | INFO     | [grid_independence] vs_ref | mesh=60 eq_conv=False stable=False rel_diff_max=nan abs_diff_outlet_max=nan
2026-04-06 13:27:52 | INFO     | [grid_independence] vs_ref | mesh=51 eq_conv=False stable=False rel_diff_max=nan abs_diff_outlet_max=nan
2026-04-06 13:27:52 | INFO     | [grid_independence] vs_ref | mesh=47 eq_conv=False stable=False rel_diff_max=nan abs_diff_outlet_max=nan
2026-04-06 13:27:52 | INFO     | [grid_independence] vs_ref | mesh=42 eq_conv=False stable=False rel_diff_max=nan abs_diff_outlet_max=nan
2026-04-06 13:27:52 | INFO     | [grid_independence] vs_ref | mesh=41 eq_conv=False stable=False rel_diff_max=nan abs_diff_outlet_max=nan
2026-04-06 13:27:52 | INFO     | [grid_independence] done | region=up mode=bvp reference_mesh=100 recommended_min_mesh=65 | csv=D:\Group\HyOCR\HG_test_202604\output\grid_independence_up_bvp.csv | wall_s=6300.5
