2026-04-05 16:22:21 | INFO     | [grid_independence] ========================================================================
2026-04-05 16:22:21 | INFO     | [grid_independence] start | argv=scripts/test_grid_independence.py --region down --mode bvp --meshes 50,40,30,20,10
2026-04-05 16:22:21 | INFO     | [grid_independence] config | region=down mode=bvp meshes=[50, 40, 30, 20, 10] mesh_count=5
2026-04-05 16:22:21 | INFO     | [grid_independence] paths | csv_out=D:\Group\HyOCR\HG_test_202604\output\grid_independence_down_bvp.csv | progress_log=D:\Group\HyOCR\HG_test_202604\logs\grid_independence_down_bvp.log | tmp_dir=D:\Group\HyOCR\HG_test_202604\tmp\grid_independence_down_bvp
2026-04-05 16:22:21 | INFO     | [grid_independence] down_case=initial_case_DOWN
2026-04-05 16:22:21 | INFO     | [grid_independence] criteria | BVP require_success=True max_rms<=0.001 bc_l2<=1e-06 | stability rel_outlet<=0.001 abs_fractions<=0.0003
2026-04-05 16:22:21 | INFO     | [grid_independence] ========================================================================
2026-04-05 16:22:21 | INFO     | [grid_independence] mesh 1/5 | begin down BVP | initial_mesh=50 | chdir_tmp=D:\Group\HyOCR\HG_test_202604\tmp\grid_independence_down_bvp
2026-04-05 16:22:21 | INFO     | [grid_independence] mesh 1/5 | end down BVP | status=success | equation_converged=True | elapsed=0.94s | bvp_success=True bvp_tol=0.001 bvp_n_nodes=50 | T_out=1200.62735 p_bottom=10520.71509
2026-04-05 16:22:21 | INFO     | [grid_independence] mesh 2/5 | begin down BVP | initial_mesh=40 | chdir_tmp=D:\Group\HyOCR\HG_test_202604\tmp\grid_independence_down_bvp
2026-04-05 16:22:22 | INFO     | [grid_independence] mesh 2/5 | end down BVP | status=success | equation_converged=True | elapsed=0.74s | bvp_success=True bvp_tol=0.001 bvp_n_nodes=40 | T_out=1200.62734 p_bottom=10520.71417
2026-04-05 16:22:22 | INFO     | [grid_independence] mesh 3/5 | begin down BVP | initial_mesh=30 | chdir_tmp=D:\Group\HyOCR\HG_test_202604\tmp\grid_independence_down_bvp
2026-04-05 16:22:23 | INFO     | [grid_independence] mesh 3/5 | end down BVP | status=success | equation_converged=True | elapsed=0.93s | bvp_success=True bvp_tol=0.001 bvp_n_nodes=31 | T_out=1200.62734 p_bottom=10520.71435
2026-04-05 16:22:23 | INFO     | [grid_independence] mesh 4/5 | begin down BVP | initial_mesh=20 | chdir_tmp=D:\Group\HyOCR\HG_test_202604\tmp\grid_independence_down_bvp
2026-04-05 16:22:24 | INFO     | [grid_independence] mesh 4/5 | end down BVP | status=success | equation_converged=True | elapsed=0.40s | bvp_success=True bvp_tol=0.001 bvp_n_nodes=20 | T_out=1200.62735 p_bottom=10520.71616
2026-04-05 16:22:24 | INFO     | [grid_independence] mesh 5/5 | begin down BVP | initial_mesh=10 | chdir_tmp=D:\Group\HyOCR\HG_test_202604\tmp\grid_independence_down_bvp
2026-04-05 16:22:24 | INFO     | [grid_independence] mesh 5/5 | end down BVP | status=success | equation_converged=True | elapsed=0.61s | bvp_success=True bvp_tol=0.001 bvp_n_nodes=18 | T_out=1200.62735 p_bottom=10520.71550
2026-04-05 16:22:24 | INFO     | [grid_independence] reference | initial_mesh=50 solver=bvp status=success
2026-04-05 16:22:24 | INFO     | [grid_independence] vs_ref | mesh=50 eq_conv=True stable=True rel_diff_max=0.0000e+00 abs_diff_outlet_max=0.0000e+00
2026-04-05 16:22:24 | INFO     | [grid_independence] vs_ref | mesh=40 eq_conv=True stable=True rel_diff_max=8.6951e-08 abs_diff_outlet_max=9.1478e-04
2026-04-05 16:22:24 | INFO     | [grid_independence] vs_ref | mesh=30 eq_conv=True stable=True rel_diff_max=7.0049e-08 abs_diff_outlet_max=7.3696e-04
2026-04-05 16:22:24 | INFO     | [grid_independence] vs_ref | mesh=20 eq_conv=True stable=True rel_diff_max=1.0205e-07 abs_diff_outlet_max=1.0736e-03
2026-04-05 16:22:24 | INFO     | [grid_independence] vs_ref | mesh=10 eq_conv=True stable=True rel_diff_max=3.9379e-08 abs_diff_outlet_max=4.1429e-04
2026-04-05 16:22:24 | INFO     | [grid_independence] done | region=down mode=bvp reference_mesh=50 recommended_min_mesh=10 | csv=D:\Group\HyOCR\HG_test_202604\output\grid_independence_down_bvp.csv | wall_s=3.6
2026-04-05 16:25:20 | INFO     | [grid_independence] ========================================================================
2026-04-05 16:25:20 | INFO     | [grid_independence] start | argv=scripts/test_grid_independence.py --region down --mode bvp --meshes 9,8,7,6,5,4,3,2
2026-04-05 16:25:20 | INFO     | [grid_independence] config | region=down mode=bvp meshes=[9, 8, 7, 6, 5, 4, 3, 2] mesh_count=8
2026-04-05 16:25:20 | INFO     | [grid_independence] paths | csv_out=D:\Group\HyOCR\HG_test_202604\output\grid_independence_down_bvp.csv | progress_log=D:\Group\HyOCR\HG_test_202604\logs\grid_independence_down_bvp.log | tmp_dir=D:\Group\HyOCR\HG_test_202604\tmp\grid_independence_down_bvp
2026-04-05 16:25:20 | INFO     | [grid_independence] down_case=initial_case_DOWN
2026-04-05 16:25:20 | INFO     | [grid_independence] criteria | BVP require_success=True max_rms<=0.001 bc_l2<=1e-06 | stability rel_outlet<=0.001 abs_fractions<=0.0003
2026-04-05 16:25:20 | INFO     | [grid_independence] ========================================================================
2026-04-05 16:25:20 | INFO     | [grid_independence] mesh 1/8 | begin down BVP | initial_mesh=9 | chdir_tmp=D:\Group\HyOCR\HG_test_202604\tmp\grid_independence_down_bvp
2026-04-05 16:25:21 | INFO     | [grid_independence] mesh 1/8 | end down BVP | status=success | equation_converged=True | elapsed=0.59s | bvp_success=True bvp_tol=0.001 bvp_n_nodes=19 | T_out=1200.62737 p_bottom=10520.72067
2026-04-05 16:25:21 | INFO     | [grid_independence] mesh 2/8 | begin down BVP | initial_mesh=8 | chdir_tmp=D:\Group\HyOCR\HG_test_202604\tmp\grid_independence_down_bvp
2026-04-05 16:25:22 | INFO     | [grid_independence] mesh 2/8 | end down BVP | status=success | equation_converged=True | elapsed=0.59s | bvp_success=True bvp_tol=0.001 bvp_n_nodes=22 | T_out=1200.62736 p_bottom=10520.71591
2026-04-05 16:25:22 | INFO     | [grid_independence] mesh 3/8 | begin down BVP | initial_mesh=7 | chdir_tmp=D:\Group\HyOCR\HG_test_202604\tmp\grid_independence_down_bvp
2026-04-05 16:25:22 | INFO     | [grid_independence] mesh 3/8 | end down BVP | status=success | equation_converged=True | elapsed=0.54s | bvp_success=True bvp_tol=0.001 bvp_n_nodes=19 | T_out=1200.62739 p_bottom=10520.71843
2026-04-05 16:25:22 | INFO     | [grid_independence] mesh 4/8 | begin down BVP | initial_mesh=6 | chdir_tmp=D:\Group\HyOCR\HG_test_202604\tmp\grid_independence_down_bvp
2026-04-05 16:25:23 | INFO     | [grid_independence] mesh 4/8 | end down BVP | status=success | equation_converged=True | elapsed=0.47s | bvp_success=True bvp_tol=0.001 bvp_n_nodes=17 | T_out=1200.62747 p_bottom=10520.71663
2026-04-05 16:25:23 | INFO     | [grid_independence] mesh 5/8 | begin down BVP | initial_mesh=5 | chdir_tmp=D:\Group\HyOCR\HG_test_202604\tmp\grid_independence_down_bvp
2026-04-05 16:25:23 | INFO     | [grid_independence] mesh 5/8 | end down BVP | status=success | equation_converged=True | elapsed=0.45s | bvp_success=True bvp_tol=0.001 bvp_n_nodes=18 | T_out=1200.62737 p_bottom=10520.72066
2026-04-05 16:25:23 | INFO     | [grid_independence] mesh 6/8 | begin down BVP | initial_mesh=4 | chdir_tmp=D:\Group\HyOCR\HG_test_202604\tmp\grid_independence_down_bvp
2026-04-05 16:25:23 | INFO     | [grid_independence] mesh 6/8 | end down BVP | status=success | equation_converged=True | elapsed=0.40s | bvp_success=True bvp_tol=0.001 bvp_n_nodes=16 | T_out=1200.62739 p_bottom=10520.71844
2026-04-05 16:25:23 | INFO     | [grid_independence] mesh 7/8 | begin down BVP | initial_mesh=3 | chdir_tmp=D:\Group\HyOCR\HG_test_202604\tmp\grid_independence_down_bvp
2026-04-05 16:25:24 | INFO     | [grid_independence] mesh 7/8 | end down BVP | status=success | equation_converged=True | elapsed=0.52s | bvp_success=True bvp_tol=0.001 bvp_n_nodes=19 | T_out=1200.62739 p_bottom=10520.71843
2026-04-05 16:25:24 | INFO     | [grid_independence] mesh 8/8 | begin down BVP | initial_mesh=2 | chdir_tmp=D:\Group\HyOCR\HG_test_202604\tmp\grid_independence_down_bvp
2026-04-05 16:25:24 | INFO     | [grid_independence] mesh 8/8 | end down BVP | status=success | equation_converged=True | elapsed=0.42s | bvp_success=True bvp_tol=0.001 bvp_n_nodes=16 | T_out=1200.62739 p_bottom=10520.71844
2026-04-05 16:25:24 | INFO     | [grid_independence] reference | initial_mesh=9 solver=bvp status=success
2026-04-05 16:25:24 | INFO     | [grid_independence] vs_ref | mesh=9 eq_conv=True stable=True rel_diff_max=0.0000e+00 abs_diff_outlet_max=0.0000e+00
2026-04-05 16:25:24 | INFO     | [grid_independence] vs_ref | mesh=8 eq_conv=True stable=True rel_diff_max=4.5247e-07 abs_diff_outlet_max=4.7604e-03
2026-04-05 16:25:24 | INFO     | [grid_independence] vs_ref | mesh=7 eq_conv=True stable=True rel_diff_max=2.1258e-07 abs_diff_outlet_max=2.2365e-03
2026-04-05 16:25:24 | INFO     | [grid_independence] vs_ref | mesh=6 eq_conv=True stable=True rel_diff_max=3.8401e-07 abs_diff_outlet_max=4.0401e-03
2026-04-05 16:25:24 | INFO     | [grid_independence] vs_ref | mesh=5 eq_conv=True stable=True rel_diff_max=1.5608e-08 abs_diff_outlet_max=1.9404e-05
2026-04-05 16:25:24 | INFO     | [grid_independence] vs_ref | mesh=4 eq_conv=True stable=True rel_diff_max=2.1165e-07 abs_diff_outlet_max=2.2267e-03
2026-04-05 16:25:24 | INFO     | [grid_independence] vs_ref | mesh=3 eq_conv=True stable=True rel_diff_max=2.1258e-07 abs_diff_outlet_max=2.2365e-03
2026-04-05 16:25:24 | INFO     | [grid_independence] vs_ref | mesh=2 eq_conv=True stable=True rel_diff_max=2.1165e-07 abs_diff_outlet_max=2.2267e-03
2026-04-05 16:25:24 | INFO     | [grid_independence] done | region=down mode=bvp reference_mesh=9 recommended_min_mesh=2 | csv=D:\Group\HyOCR\HG_test_202604\output\grid_independence_down_bvp.csv | wall_s=4.0
2026-04-05 16:36:46 | INFO     | [grid_independence] ========================================================================
2026-04-05 16:36:46 | INFO     | [grid_independence] start | argv=scripts/test_grid_independence.py --region down --mode bvp --meshes 50,40,30,20,10
2026-04-05 16:36:46 | INFO     | [grid_independence] config | region=down mode=bvp meshes=[50, 40, 30, 20, 10] mesh_count=5
2026-04-05 16:36:46 | INFO     | [grid_independence] paths | csv_out=D:\Group\HyOCR\HG_test_202604\output\grid_independence_down_bvp.csv | progress_log=D:\Group\HyOCR\HG_test_202604\logs\grid_independence_down_bvp.log | tmp_dir=D:\Group\HyOCR\HG_test_202604\tmp\grid_independence_down_bvp
2026-04-05 16:36:46 | INFO     | [grid_independence] down_case=initial_case_DOWN
2026-04-05 16:36:46 | INFO     | [grid_independence] criteria | BVP require_success=True max_rms<=0.001 bc_l2<=1e-06 | stability rel_outlet<=0.001 abs_fractions<=0.0003
2026-04-05 16:36:46 | INFO     | [grid_independence] ========================================================================
2026-04-05 16:36:46 | INFO     | [grid_independence] mesh 1/5 | begin down BVP | initial_mesh=50 | chdir_tmp=D:\Group\HyOCR\HG_test_202604\tmp\grid_independence_down_bvp
2026-04-05 16:36:47 | INFO     | [grid_independence] mesh 1/5 | end down BVP | status=success | equation_converged=True | elapsed=0.80s | bvp_success=True bvp_tol=0.001 bvp_n_nodes=50 | T_out=1200.62735 p_bottom=10520.71510
2026-04-05 16:36:47 | INFO     | [grid_independence] mesh 2/5 | begin down BVP | initial_mesh=40 | chdir_tmp=D:\Group\HyOCR\HG_test_202604\tmp\grid_independence_down_bvp
2026-04-05 16:36:47 | INFO     | [grid_independence] mesh 2/5 | end down BVP | status=success | equation_converged=True | elapsed=0.65s | bvp_success=True bvp_tol=0.001 bvp_n_nodes=40 | T_out=1200.62735 p_bottom=10520.71418
2026-04-05 16:36:47 | INFO     | [grid_independence] mesh 3/5 | begin down BVP | initial_mesh=30 | chdir_tmp=D:\Group\HyOCR\HG_test_202604\tmp\grid_independence_down_bvp
2026-04-05 16:36:48 | INFO     | [grid_independence] mesh 3/5 | end down BVP | status=success | equation_converged=True | elapsed=0.85s | bvp_success=True bvp_tol=0.001 bvp_n_nodes=31 | T_out=1200.62734 p_bottom=10520.71435
2026-04-05 16:36:48 | INFO     | [grid_independence] mesh 4/5 | begin down BVP | initial_mesh=20 | chdir_tmp=D:\Group\HyOCR\HG_test_202604\tmp\grid_independence_down_bvp
2026-04-05 16:36:49 | INFO     | [grid_independence] mesh 4/5 | end down BVP | status=success | equation_converged=True | elapsed=0.35s | bvp_success=True bvp_tol=0.001 bvp_n_nodes=20 | T_out=1200.62735 p_bottom=10520.71617
2026-04-05 16:36:49 | INFO     | [grid_independence] mesh 5/5 | begin down BVP | initial_mesh=10 | chdir_tmp=D:\Group\HyOCR\HG_test_202604\tmp\grid_independence_down_bvp
2026-04-05 16:36:49 | INFO     | [grid_independence] mesh 5/5 | end down BVP | status=success | equation_converged=True | elapsed=0.62s | bvp_success=True bvp_tol=0.001 bvp_n_nodes=18 | T_out=1200.62735 p_bottom=10520.71550
2026-04-05 16:36:49 | INFO     | [grid_independence] reference | initial_mesh=50 solver=bvp status=success
2026-04-05 16:36:49 | INFO     | [grid_independence] vs_ref | mesh=50 eq_conv=True stable=True rel_diff_max=0.0000e+00 abs_diff_outlet_max=0.0000e+00
2026-04-05 16:36:49 | INFO     | [grid_independence] vs_ref | mesh=40 eq_conv=True stable=True rel_diff_max=8.6952e-08 abs_diff_outlet_max=9.1479e-04
2026-04-05 16:36:49 | INFO     | [grid_independence] vs_ref | mesh=30 eq_conv=True stable=True rel_diff_max=7.1033e-08 abs_diff_outlet_max=7.4731e-04
2026-04-05 16:36:49 | INFO     | [grid_independence] vs_ref | mesh=20 eq_conv=True stable=True rel_diff_max=1.0204e-07 abs_diff_outlet_max=1.0735e-03
2026-04-05 16:36:49 | INFO     | [grid_independence] vs_ref | mesh=10 eq_conv=True stable=True rel_diff_max=3.8395e-08 abs_diff_outlet_max=4.0394e-04
2026-04-05 16:36:49 | INFO     | [grid_independence] done | region=down mode=bvp reference_mesh=50 recommended_min_mesh=10 | csv=D:\Group\HyOCR\HG_test_202604\output\grid_independence_down_bvp.csv | wall_s=3.3
2026-04-05 16:37:23 | INFO     | [grid_independence] ========================================================================
2026-04-05 16:37:23 | INFO     | [grid_independence] start | argv=scripts/test_grid_independence.py --region down --mode bvp --meshes 9,8,7,6,5,4,3,2
2026-04-05 16:37:23 | INFO     | [grid_independence] config | region=down mode=bvp meshes=[9, 8, 7, 6, 5, 4, 3, 2] mesh_count=8
2026-04-05 16:37:23 | INFO     | [grid_independence] paths | csv_out=D:\Group\HyOCR\HG_test_202604\output\grid_independence_down_bvp.csv | progress_log=D:\Group\HyOCR\HG_test_202604\logs\grid_independence_down_bvp.log | tmp_dir=D:\Group\HyOCR\HG_test_202604\tmp\grid_independence_down_bvp
2026-04-05 16:37:23 | INFO     | [grid_independence] down_case=initial_case_DOWN
2026-04-05 16:37:23 | INFO     | [grid_independence] criteria | BVP require_success=True max_rms<=0.001 bc_l2<=1e-06 | stability rel_outlet<=0.001 abs_fractions<=0.0003
2026-04-05 16:37:23 | INFO     | [grid_independence] ========================================================================
2026-04-05 16:37:23 | INFO     | [grid_independence] mesh 1/8 | begin down BVP | initial_mesh=9 | chdir_tmp=D:\Group\HyOCR\HG_test_202604\tmp\grid_independence_down_bvp
2026-04-05 16:37:23 | INFO     | [grid_independence] mesh 1/8 | end down BVP | status=success | equation_converged=True | elapsed=0.56s | bvp_success=True bvp_tol=0.001 bvp_n_nodes=19 | T_out=1200.62737 p_bottom=10520.72067
2026-04-05 16:37:23 | INFO     | [grid_independence] mesh 2/8 | begin down BVP | initial_mesh=8 | chdir_tmp=D:\Group\HyOCR\HG_test_202604\tmp\grid_independence_down_bvp
2026-04-05 16:37:24 | INFO     | [grid_independence] mesh 2/8 | end down BVP | status=success | equation_converged=True | elapsed=0.56s | bvp_success=True bvp_tol=0.001 bvp_n_nodes=22 | T_out=1200.62736 p_bottom=10520.71591
2026-04-05 16:37:24 | INFO     | [grid_independence] mesh 3/8 | begin down BVP | initial_mesh=7 | chdir_tmp=D:\Group\HyOCR\HG_test_202604\tmp\grid_independence_down_bvp
2026-04-05 16:37:24 | INFO     | [grid_independence] mesh 3/8 | end down BVP | status=success | equation_converged=True | elapsed=0.52s | bvp_success=True bvp_tol=0.001 bvp_n_nodes=19 | T_out=1200.62739 p_bottom=10520.71843
2026-04-05 16:37:24 | INFO     | [grid_independence] mesh 4/8 | begin down BVP | initial_mesh=6 | chdir_tmp=D:\Group\HyOCR\HG_test_202604\tmp\grid_independence_down_bvp
2026-04-05 16:37:25 | INFO     | [grid_independence] mesh 4/8 | end down BVP | status=success | equation_converged=True | elapsed=0.43s | bvp_success=True bvp_tol=0.001 bvp_n_nodes=17 | T_out=1200.62747 p_bottom=10520.71663
2026-04-05 16:37:25 | INFO     | [grid_independence] mesh 5/8 | begin down BVP | initial_mesh=5 | chdir_tmp=D:\Group\HyOCR\HG_test_202604\tmp\grid_independence_down_bvp
2026-04-05 16:37:25 | INFO     | [grid_independence] mesh 5/8 | end down BVP | status=success | equation_converged=True | elapsed=0.44s | bvp_success=True bvp_tol=0.001 bvp_n_nodes=18 | T_out=1200.62737 p_bottom=10520.72066
2026-04-05 16:37:25 | INFO     | [grid_independence] mesh 6/8 | begin down BVP | initial_mesh=4 | chdir_tmp=D:\Group\HyOCR\HG_test_202604\tmp\grid_independence_down_bvp
2026-04-05 16:37:26 | INFO     | [grid_independence] mesh 6/8 | end down BVP | status=success | equation_converged=True | elapsed=0.39s | bvp_success=True bvp_tol=0.001 bvp_n_nodes=16 | T_out=1200.62739 p_bottom=10520.71844
2026-04-05 16:37:26 | INFO     | [grid_independence] mesh 7/8 | begin down BVP | initial_mesh=3 | chdir_tmp=D:\Group\HyOCR\HG_test_202604\tmp\grid_independence_down_bvp
2026-04-05 16:37:26 | INFO     | [grid_independence] mesh 7/8 | end down BVP | status=success | equation_converged=True | elapsed=0.52s | bvp_success=True bvp_tol=0.001 bvp_n_nodes=19 | T_out=1200.62739 p_bottom=10520.71843
2026-04-05 16:37:26 | INFO     | [grid_independence] mesh 8/8 | begin down BVP | initial_mesh=2 | chdir_tmp=D:\Group\HyOCR\HG_test_202604\tmp\grid_independence_down_bvp
2026-04-05 16:37:27 | INFO     | [grid_independence] mesh 8/8 | end down BVP | status=success | equation_converged=True | elapsed=0.42s | bvp_success=True bvp_tol=0.001 bvp_n_nodes=16 | T_out=1200.62739 p_bottom=10520.71844
2026-04-05 16:37:27 | INFO     | [grid_independence] reference | initial_mesh=9 solver=bvp status=success
2026-04-05 16:37:27 | INFO     | [grid_independence] vs_ref | mesh=9 eq_conv=True stable=True rel_diff_max=0.0000e+00 abs_diff_outlet_max=0.0000e+00
2026-04-05 16:37:27 | INFO     | [grid_independence] vs_ref | mesh=8 eq_conv=True stable=True rel_diff_max=4.5247e-07 abs_diff_outlet_max=4.7604e-03
2026-04-05 16:37:27 | INFO     | [grid_independence] vs_ref | mesh=7 eq_conv=True stable=True rel_diff_max=2.1258e-07 abs_diff_outlet_max=2.2365e-03
2026-04-05 16:37:27 | INFO     | [grid_independence] vs_ref | mesh=6 eq_conv=True stable=True rel_diff_max=3.8401e-07 abs_diff_outlet_max=4.0401e-03
2026-04-05 16:37:27 | INFO     | [grid_independence] vs_ref | mesh=5 eq_conv=True stable=True rel_diff_max=1.5608e-08 abs_diff_outlet_max=1.9404e-05
2026-04-05 16:37:27 | INFO     | [grid_independence] vs_ref | mesh=4 eq_conv=True stable=True rel_diff_max=2.1165e-07 abs_diff_outlet_max=2.2267e-03
2026-04-05 16:37:27 | INFO     | [grid_independence] vs_ref | mesh=3 eq_conv=True stable=True rel_diff_max=2.1258e-07 abs_diff_outlet_max=2.2365e-03
2026-04-05 16:37:27 | INFO     | [grid_independence] vs_ref | mesh=2 eq_conv=True stable=True rel_diff_max=2.1165e-07 abs_diff_outlet_max=2.2267e-03
2026-04-05 16:37:27 | INFO     | [grid_independence] done | region=down mode=bvp reference_mesh=9 recommended_min_mesh=2 | csv=D:\Group\HyOCR\HG_test_202604\output\grid_independence_down_bvp.csv | wall_s=3.9
2026-04-05 16:51:02 | INFO     | [grid_independence] ========================================================================
2026-04-05 16:51:02 | INFO     | [grid_independence] start | argv=scripts/test_grid_independence.py --region down --mode bvp --meshes 1
2026-04-05 16:51:02 | INFO     | [grid_independence] config | region=down mode=bvp meshes=[1] mesh_count=1
2026-04-05 16:51:02 | INFO     | [grid_independence] paths | csv_out=D:\Group\HyOCR\HG_test_202604\output\grid_independence_down_bvp.csv | progress_log=D:\Group\HyOCR\HG_test_202604\logs\grid_independence_down_bvp.log | tmp_dir=D:\Group\HyOCR\HG_test_202604\tmp\grid_independence_down_bvp
2026-04-05 16:51:02 | INFO     | [grid_independence] down_case=initial_case_DOWN
2026-04-05 16:51:02 | INFO     | [grid_independence] criteria | BVP require_success=True max_rms<=0.001 bc_l2<=1e-06 | stability rel_outlet<=0.001 abs_fractions<=0.0003
2026-04-05 16:51:02 | INFO     | [grid_independence] ========================================================================
2026-04-05 16:51:02 | INFO     | [grid_independence] mesh 1/1 | begin down BVP | initial_mesh=1 | chdir_tmp=D:\Group\HyOCR\HG_test_202604\tmp\grid_independence_down_bvp
2026-04-05 16:51:02 | WARNING  | [grid_independence] run failed | mesh=1 detail=fail: at least 2 breakpoints are needed
2026-04-05 16:51:02 | INFO     | [grid_independence] mesh 1/1 | end down BVP | status=fail: at least 2 breakpoints are needed | equation_converged=False | elapsed=0.02s | bvp_success=None bvp_tol=None bvp_n_nodes=None | T_out=None p_bottom=None
2026-04-05 16:51:02 | WARNING  | [grid_independence] 没有找到满足方程收敛判据的参考网格，请放宽判据、检查算例或调整 meshes 顺序（先大后小）。 | csv=D:\Group\HyOCR\HG_test_202604\output\grid_independence_down_bvp.csv | wall_s=0.0
