2026-04-05 16:23:03 | INFO     | [grid_independence] ========================================================================
2026-04-05 16:23:03 | INFO     | [grid_independence] start | argv=scripts/test_grid_independence.py --region down --mode hc --meshes 50,40,30,20,10
2026-04-05 16:23:03 | INFO     | [grid_independence] config | region=down mode=hc meshes=[50, 40, 30, 20, 10] mesh_count=5
2026-04-05 16:23:03 | INFO     | [grid_independence] paths | csv_out=D:\Group\HyOCR\HG_test_202604\output\grid_independence_down_hc.csv | progress_log=D:\Group\HyOCR\HG_test_202604\logs\grid_independence_down_hc.log | tmp_dir=D:\Group\HyOCR\HG_test_202604\tmp\grid_independence_down_hc
2026-04-05 16:23:03 | INFO     | [grid_independence] down_case=initial_case_DOWN
2026-04-05 16:23:03 | INFO     | [grid_independence] criteria | BVP require_success=True max_rms<=0.001 bc_l2<=1e-06 | stability rel_outlet<=0.001 abs_fractions<=0.0003
2026-04-05 16:23:03 | INFO     | [grid_independence] criteria | HC test_hc_* outer: per-variable rel err must be < HC_REL_TOL_MAIN=0.001
2026-04-05 16:23:03 | INFO     | [grid_independence] ========================================================================
2026-04-05 16:23:03 | INFO     | [grid_independence] mesh 1/5 | begin down HC | initial_mesh=50 | chdir_tmp=D:\Group\HyOCR\HG_test_202604\tmp\grid_independence_down_hc
2026-04-05 16:23:03 | INFO     | [grid_independence] 测试 下半部分模型 hc_6
2026-04-05 16:23:03 | INFO     | [grid_independence] final relative error:
2026-04-05 16:23:03 | INFO     | [grid_independence] relative error of T = 9.290071112534201e-05
2026-04-05 16:23:03 | INFO     | [grid_independence] relative error of t = 9.284700058257037e-05
2026-04-05 16:23:03 | INFO     | [grid_independence] relative error of x = 0.0
2026-04-05 16:23:03 | INFO     | [grid_independence] relative error of p = 3.9531985807598575e-05
2026-04-05 16:23:03 | INFO     | [grid_independence] relative error of fs = 0.0
2026-04-05 16:23:03 | INFO     | [grid_independence] relative error of rhob = 0.0
2026-04-05 16:23:03 | INFO     | [grid_independence] mesh 1/5 | end down HC | status=success | equation_converged=True | elapsed=0.09s | hc_outer_converged=True hc_max_re_final=9.290071112534201e-05 | T_out=1200.06370 p_bottom=10517.70473
2026-04-05 16:23:03 | INFO     | [grid_independence] mesh 2/5 | begin down HC | initial_mesh=40 | chdir_tmp=D:\Group\HyOCR\HG_test_202604\tmp\grid_independence_down_hc
2026-04-05 16:23:03 | INFO     | [grid_independence] 测试 下半部分模型 hc_6
2026-04-05 16:23:03 | INFO     | [grid_independence] final relative error:
2026-04-05 16:23:03 | INFO     | [grid_independence] relative error of T = 9.238551946805367e-05
2026-04-05 16:23:03 | INFO     | [grid_independence] relative error of t = 9.240686165168226e-05
2026-04-05 16:23:03 | INFO     | [grid_independence] relative error of x = 0.0
2026-04-05 16:23:03 | INFO     | [grid_independence] relative error of p = 3.96903393662301e-05
2026-04-05 16:23:03 | INFO     | [grid_independence] relative error of fs = 0.0
2026-04-05 16:23:03 | INFO     | [grid_independence] relative error of rhob = 0.0
2026-04-05 16:23:04 | INFO     | [grid_independence] mesh 2/5 | end down HC | status=success | equation_converged=True | elapsed=0.09s | hc_outer_converged=True hc_max_re_final=9.240686165168226e-05 | T_out=1200.06368 p_bottom=10517.76686
2026-04-05 16:23:04 | INFO     | [grid_independence] mesh 3/5 | begin down HC | initial_mesh=30 | chdir_tmp=D:\Group\HyOCR\HG_test_202604\tmp\grid_independence_down_hc
2026-04-05 16:23:04 | INFO     | [grid_independence] 测试 下半部分模型 hc_6
2026-04-05 16:23:04 | INFO     | [grid_independence] final relative error:
2026-04-05 16:23:04 | INFO     | [grid_independence] relative error of T = 9.141455426821854e-05
2026-04-05 16:23:04 | INFO     | [grid_independence] relative error of t = 9.159297549670913e-05
2026-04-05 16:23:04 | INFO     | [grid_independence] relative error of x = 0.0
2026-04-05 16:23:04 | INFO     | [grid_independence] relative error of p = 3.994945819726486e-05
2026-04-05 16:23:04 | INFO     | [grid_independence] relative error of fs = 0.0
2026-04-05 16:23:04 | INFO     | [grid_independence] relative error of rhob = 0.0
2026-04-05 16:23:04 | INFO     | [grid_independence] mesh 3/5 | end down HC | status=success | equation_converged=True | elapsed=0.12s | hc_outer_converged=True hc_max_re_final=9.159297549670913e-05 | T_out=1200.06365 p_bottom=10517.88128
2026-04-05 16:23:04 | INFO     | [grid_independence] mesh 4/5 | begin down HC | initial_mesh=20 | chdir_tmp=D:\Group\HyOCR\HG_test_202604\tmp\grid_independence_down_hc
2026-04-05 16:23:04 | INFO     | [grid_independence] 测试 下半部分模型 hc_6
2026-04-05 16:23:04 | INFO     | [grid_independence] final relative error:
2026-04-05 16:23:04 | INFO     | [grid_independence] relative error of T = 8.902774291176317e-05
2026-04-05 16:23:04 | INFO     | [grid_independence] relative error of t = 8.967684683729796e-05
2026-04-05 16:23:04 | INFO     | [grid_independence] relative error of x = 0.0
2026-04-05 16:23:04 | INFO     | [grid_independence] relative error of p = 4.039503342295744e-05
2026-04-05 16:23:04 | INFO     | [grid_independence] relative error of fs = 0.0
2026-04-05 16:23:04 | INFO     | [grid_independence] relative error of rhob = 0.0
2026-04-05 16:23:04 | INFO     | [grid_independence] mesh 4/5 | end down HC | status=success | equation_converged=True | elapsed=0.08s | hc_outer_converged=True hc_max_re_final=8.967684683729796e-05 | T_out=1200.06358 p_bottom=10518.18625
2026-04-05 16:23:04 | INFO     | [grid_independence] mesh 5/5 | begin down HC | initial_mesh=10 | chdir_tmp=D:\Group\HyOCR\HG_test_202604\tmp\grid_independence_down_hc
2026-04-05 16:23:04 | INFO     | [grid_independence] 测试 下半部分模型 hc_6
2026-04-05 16:23:04 | INFO     | [grid_independence] final relative error:
2026-04-05 16:23:04 | INFO     | [grid_independence] relative error of T = 7.965002148791592e-05
2026-04-05 16:23:04 | INFO     | [grid_independence] relative error of t = 8.239247548422662e-05
2026-04-05 16:23:04 | INFO     | [grid_independence] relative error of x = 0.0
2026-04-05 16:23:04 | INFO     | [grid_independence] relative error of p = 4.0648524803567365e-05
2026-04-05 16:23:04 | INFO     | [grid_independence] relative error of fs = 0.0
2026-04-05 16:23:04 | INFO     | [grid_independence] relative error of rhob = 0.0
2026-04-05 16:23:04 | INFO     | [grid_independence] mesh 5/5 | end down HC | status=success | equation_converged=True | elapsed=0.08s | hc_outer_converged=True hc_max_re_final=8.239247548422662e-05 | T_out=1200.06335 p_bottom=10519.32588
2026-04-05 16:23:04 | INFO     | [grid_independence] reference | initial_mesh=50 solver=hc status=success
2026-04-05 16:23:04 | INFO     | [grid_independence] vs_ref | mesh=50 eq_conv=True stable=True rel_diff_max=0.0000e+00 abs_diff_outlet_max=0.0000e+00
2026-04-05 16:23:04 | INFO     | [grid_independence] vs_ref | mesh=40 eq_conv=True stable=True rel_diff_max=5.9071e-06 abs_diff_outlet_max=6.2129e-02
2026-04-05 16:23:04 | INFO     | [grid_independence] vs_ref | mesh=30 eq_conv=True stable=True rel_diff_max=1.6786e-05 abs_diff_outlet_max=1.7655e-01
2026-04-05 16:23:04 | INFO     | [grid_independence] vs_ref | mesh=20 eq_conv=True stable=True rel_diff_max=4.5782e-05 abs_diff_outlet_max=4.8152e-01
2026-04-05 16:23:04 | INFO     | [grid_independence] vs_ref | mesh=10 eq_conv=True stable=True rel_diff_max=1.5414e-04 abs_diff_outlet_max=1.6211e+00
2026-04-05 16:23:04 | INFO     | [grid_independence] done | region=down mode=hc reference_mesh=50 recommended_min_mesh=10 | csv=D:\Group\HyOCR\HG_test_202604\output\grid_independence_down_hc.csv | wall_s=0.5
2026-04-05 16:24:32 | INFO     | [grid_independence] ========================================================================
2026-04-05 16:24:32 | INFO     | [grid_independence] start | argv=scripts/test_grid_independence.py --region down --mode hc --meshes 9,8,7,6,5,4,3,2
2026-04-05 16:24:32 | INFO     | [grid_independence] config | region=down mode=hc meshes=[9, 8, 7, 6, 5, 4, 3, 2] mesh_count=8
2026-04-05 16:24:32 | INFO     | [grid_independence] paths | csv_out=D:\Group\HyOCR\HG_test_202604\output\grid_independence_down_hc.csv | progress_log=D:\Group\HyOCR\HG_test_202604\logs\grid_independence_down_hc.log | tmp_dir=D:\Group\HyOCR\HG_test_202604\tmp\grid_independence_down_hc
2026-04-05 16:24:32 | INFO     | [grid_independence] down_case=initial_case_DOWN
2026-04-05 16:24:32 | INFO     | [grid_independence] criteria | BVP require_success=True max_rms<=0.001 bc_l2<=1e-06 | stability rel_outlet<=0.001 abs_fractions<=0.0003
2026-04-05 16:24:32 | INFO     | [grid_independence] criteria | HC test_hc_* outer: per-variable rel err must be < HC_REL_TOL_MAIN=0.001
2026-04-05 16:24:32 | INFO     | [grid_independence] ========================================================================
2026-04-05 16:24:32 | INFO     | [grid_independence] mesh 1/8 | begin down HC | initial_mesh=9 | chdir_tmp=D:\Group\HyOCR\HG_test_202604\tmp\grid_independence_down_hc
2026-04-05 16:24:32 | INFO     | [grid_independence] 测试 下半部分模型 hc_6
2026-04-05 16:24:32 | INFO     | [grid_independence] final relative error:
2026-04-05 16:24:32 | INFO     | [grid_independence] relative error of T = 7.745871601966906e-05
2026-04-05 16:24:32 | INFO     | [grid_independence] relative error of t = 8.067091246597135e-05
2026-04-05 16:24:32 | INFO     | [grid_independence] relative error of x = 0.0
2026-04-05 16:24:32 | INFO     | [grid_independence] relative error of p = 4.050440404143401e-05
2026-04-05 16:24:32 | INFO     | [grid_independence] relative error of fs = 0.0
2026-04-05 16:24:32 | INFO     | [grid_independence] relative error of rhob = 0.0
2026-04-05 16:24:32 | INFO     | [grid_independence] mesh 1/8 | end down HC | status=success | equation_converged=True | elapsed=0.09s | hc_outer_converged=True hc_max_re_final=8.067091246597135e-05 | T_out=1200.06329 p_bottom=10519.47245
2026-04-05 16:24:32 | INFO     | [grid_independence] mesh 2/8 | begin down HC | initial_mesh=8 | chdir_tmp=D:\Group\HyOCR\HG_test_202604\tmp\grid_independence_down_hc
2026-04-05 16:24:32 | INFO     | [grid_independence] 测试 下半部分模型 hc_6
2026-04-05 16:24:32 | INFO     | [grid_independence] final relative error:
2026-04-05 16:24:32 | INFO     | [grid_independence] relative error of T = 7.457010496275457e-05
2026-04-05 16:24:32 | INFO     | [grid_independence] relative error of t = 7.834452706751235e-05
2026-04-05 16:24:32 | INFO     | [grid_independence] relative error of x = 0.0
2026-04-05 16:24:32 | INFO     | [grid_independence] relative error of p = 4.022392039315162e-05
2026-04-05 16:24:32 | INFO     | [grid_independence] relative error of fs = 0.0
2026-04-05 16:24:32 | INFO     | [grid_independence] relative error of rhob = 0.0
2026-04-05 16:24:32 | INFO     | [grid_independence] mesh 2/8 | end down HC | status=success | equation_converged=True | elapsed=0.08s | hc_outer_converged=True hc_max_re_final=7.834452706751235e-05 | T_out=1200.06322 p_bottom=10520.03045
2026-04-05 16:24:32 | INFO     | [grid_independence] mesh 3/8 | begin down HC | initial_mesh=7 | chdir_tmp=D:\Group\HyOCR\HG_test_202604\tmp\grid_independence_down_hc
2026-04-05 16:24:32 | INFO     | [grid_independence] 测试 下半部分模型 hc_6
2026-04-05 16:24:32 | INFO     | [grid_independence] final relative error:
2026-04-05 16:24:32 | INFO     | [grid_independence] relative error of T = 7.08586046116036e-05
2026-04-05 16:24:32 | INFO     | [grid_independence] relative error of t = 7.531855713747926e-05
2026-04-05 16:24:32 | INFO     | [grid_independence] relative error of x = 0.0
2026-04-05 16:24:32 | INFO     | [grid_independence] relative error of p = 3.973424776574626e-05
2026-04-05 16:24:32 | INFO     | [grid_independence] relative error of fs = 0.0
2026-04-05 16:24:32 | INFO     | [grid_independence] relative error of rhob = 0.0
2026-04-05 16:24:32 | INFO     | [grid_independence] mesh 3/8 | end down HC | status=success | equation_converged=True | elapsed=0.12s | hc_outer_converged=True hc_max_re_final=7.531855713747926e-05 | T_out=1200.06313 p_bottom=10520.66662
2026-04-05 16:24:32 | INFO     | [grid_independence] mesh 4/8 | begin down HC | initial_mesh=6 | chdir_tmp=D:\Group\HyOCR\HG_test_202604\tmp\grid_independence_down_hc
2026-04-05 16:24:32 | INFO     | [grid_independence] 测试 下半部分模型 hc_6
2026-04-05 16:24:32 | INFO     | [grid_independence] final relative error:
2026-04-05 16:24:32 | INFO     | [grid_independence] relative error of T = 6.592808658438166e-05
2026-04-05 16:24:32 | INFO     | [grid_independence] relative error of t = 7.123216143998711e-05
2026-04-05 16:24:32 | INFO     | [grid_independence] relative error of x = 0.0
2026-04-05 16:24:32 | INFO     | [grid_independence] relative error of p = 3.885528914106036e-05
2026-04-05 16:24:32 | INFO     | [grid_independence] relative error of fs = 0.0
2026-04-05 16:24:32 | INFO     | [grid_independence] relative error of rhob = 0.0
2026-04-05 16:24:32 | INFO     | [grid_independence] mesh 4/8 | end down HC | status=success | equation_converged=True | elapsed=0.08s | hc_outer_converged=True hc_max_re_final=7.123216143998711e-05 | T_out=1200.06299 p_bottom=10521.34417
2026-04-05 16:24:32 | INFO     | [grid_independence] mesh 5/8 | begin down HC | initial_mesh=5 | chdir_tmp=D:\Group\HyOCR\HG_test_202604\tmp\grid_independence_down_hc
2026-04-05 16:24:32 | INFO     | [grid_independence] 测试 下半部分模型 hc_6
2026-04-05 16:24:32 | INFO     | [grid_independence] final relative error:
2026-04-05 16:24:32 | INFO     | [grid_independence] relative error of T = 5.906236600210438e-05
2026-04-05 16:24:32 | INFO     | [grid_independence] relative error of t = 6.540241206267884e-05
2026-04-05 16:24:32 | INFO     | [grid_independence] relative error of x = 0.0
2026-04-05 16:24:32 | INFO     | [grid_independence] relative error of p = 3.7168251870600325e-05
2026-04-05 16:24:32 | INFO     | [grid_independence] relative error of fs = 0.0
2026-04-05 16:24:32 | INFO     | [grid_independence] relative error of rhob = 0.0
2026-04-05 16:24:32 | INFO     | [grid_independence] mesh 5/8 | end down HC | status=success | equation_converged=True | elapsed=0.08s | hc_outer_converged=True hc_max_re_final=6.540241206267884e-05 | T_out=1200.06280 p_bottom=10521.95461
2026-04-05 16:24:32 | INFO     | [grid_independence] mesh 6/8 | begin down HC | initial_mesh=4 | chdir_tmp=D:\Group\HyOCR\HG_test_202604\tmp\grid_independence_down_hc
2026-04-05 16:24:32 | INFO     | [grid_independence] 测试 下半部分模型 hc_6
2026-04-05 16:24:32 | INFO     | [grid_independence] final relative error:
2026-04-05 16:24:32 | INFO     | [grid_independence] relative error of T = 4.8047116064299647e-05
2026-04-05 16:24:32 | INFO     | [grid_independence] relative error of t = 5.547841478008507e-05
2026-04-05 16:24:32 | INFO     | [grid_independence] relative error of x = 0.0
2026-04-05 16:24:32 | INFO     | [grid_independence] relative error of p = 3.356247653211982e-05
2026-04-05 16:24:32 | INFO     | [grid_independence] relative error of fs = 0.0
2026-04-05 16:24:32 | INFO     | [grid_independence] relative error of rhob = 0.0
2026-04-05 16:24:32 | INFO     | [grid_independence] mesh 6/8 | end down HC | status=success | equation_converged=True | elapsed=0.08s | hc_outer_converged=True hc_max_re_final=5.547841478008507e-05 | T_out=1200.06277 p_bottom=10524.94951
2026-04-05 16:24:32 | INFO     | [grid_independence] mesh 7/8 | begin down HC | initial_mesh=3 | chdir_tmp=D:\Group\HyOCR\HG_test_202604\tmp\grid_independence_down_hc
2026-04-05 16:24:32 | INFO     | [grid_independence] 测试 下半部分模型 hc_6
2026-04-05 16:24:32 | INFO     | [grid_independence] final relative error:
2026-04-05 16:24:32 | INFO     | [grid_independence] relative error of T = 2.9323193245844904e-05
2026-04-05 16:24:32 | INFO     | [grid_independence] relative error of t = 3.7036299879556316e-05
2026-04-05 16:24:32 | INFO     | [grid_independence] relative error of x = 0.0
2026-04-05 16:24:32 | INFO     | [grid_independence] relative error of p = 2.4915257741150455e-05
2026-04-05 16:24:32 | INFO     | [grid_independence] relative error of fs = 0.0
2026-04-05 16:24:32 | INFO     | [grid_independence] relative error of rhob = 0.0
2026-04-05 16:24:32 | INFO     | [grid_independence] mesh 7/8 | end down HC | status=success | equation_converged=True | elapsed=0.08s | hc_outer_converged=True hc_max_re_final=3.7036299879556316e-05 | T_out=1200.06274 p_bottom=10531.32058
2026-04-05 16:24:32 | INFO     | [grid_independence] mesh 8/8 | begin down HC | initial_mesh=2 | chdir_tmp=D:\Group\HyOCR\HG_test_202604\tmp\grid_independence_down_hc
2026-04-05 16:24:32 | INFO     | [grid_independence] 测试 下半部分模型 hc_6
2026-04-05 16:24:32 | INFO     | [grid_independence] final relative error:
2026-04-05 16:24:32 | INFO     | [grid_independence] relative error of T = 5.733480361403996e-06
2026-04-05 16:24:32 | INFO     | [grid_independence] relative error of t = 0.0006694337830823825
2026-04-05 16:24:32 | INFO     | [grid_independence] relative error of x = 0.0
2026-04-05 16:24:32 | INFO     | [grid_independence] relative error of p = 0.00027766071383883786
2026-04-05 16:24:32 | INFO     | [grid_independence] relative error of fs = 0.0
2026-04-05 16:24:32 | INFO     | [grid_independence] relative error of rhob = 0.0
2026-04-05 16:24:32 | INFO     | [grid_independence] mesh 8/8 | end down HC | status=success | equation_converged=True | elapsed=0.08s | hc_outer_converged=True hc_max_re_final=0.0006694337830823825 | T_out=1200.03634 p_bottom=10553.39481
2026-04-05 16:24:32 | INFO     | [grid_independence] reference | initial_mesh=9 solver=hc status=success
2026-04-05 16:24:32 | INFO     | [grid_independence] vs_ref | mesh=9 eq_conv=True stable=True rel_diff_max=0.0000e+00 abs_diff_outlet_max=0.0000e+00
2026-04-05 16:24:32 | INFO     | [grid_independence] vs_ref | mesh=8 eq_conv=True stable=True rel_diff_max=5.3044e-05 abs_diff_outlet_max=5.5800e-01
2026-04-05 16:24:32 | INFO     | [grid_independence] vs_ref | mesh=7 eq_conv=True stable=True rel_diff_max=1.1352e-04 abs_diff_outlet_max=1.1942e+00
2026-04-05 16:24:32 | INFO     | [grid_independence] vs_ref | mesh=6 eq_conv=True stable=True rel_diff_max=1.7793e-04 abs_diff_outlet_max=1.8717e+00
2026-04-05 16:24:32 | INFO     | [grid_independence] vs_ref | mesh=5 eq_conv=True stable=True rel_diff_max=2.3596e-04 abs_diff_outlet_max=2.4822e+00
2026-04-05 16:24:32 | INFO     | [grid_independence] vs_ref | mesh=4 eq_conv=True stable=True rel_diff_max=5.2066e-04 abs_diff_outlet_max=5.4771e+00
2026-04-05 16:24:32 | INFO     | [grid_independence] vs_ref | mesh=3 eq_conv=True stable=False rel_diff_max=1.1263e-03 abs_diff_outlet_max=1.1848e+01
2026-04-05 16:24:32 | INFO     | [grid_independence] vs_ref | mesh=2 eq_conv=True stable=False rel_diff_max=3.2247e-03 abs_diff_outlet_max=3.3922e+01
2026-04-05 16:24:32 | INFO     | [grid_independence] done | region=down mode=hc reference_mesh=9 recommended_min_mesh=4 | csv=D:\Group\HyOCR\HG_test_202604\output\grid_independence_down_hc.csv | wall_s=0.7
2026-04-05 16:38:06 | INFO     | [grid_independence] ========================================================================
2026-04-05 16:38:06 | INFO     | [grid_independence] start | argv=scripts/test_grid_independence.py --region down --mode hc --meshes 50,40,30,20,10
2026-04-05 16:38:06 | INFO     | [grid_independence] config | region=down mode=hc meshes=[50, 40, 30, 20, 10] mesh_count=5
2026-04-05 16:38:06 | INFO     | [grid_independence] paths | csv_out=D:\Group\HyOCR\HG_test_202604\output\grid_independence_down_hc.csv | progress_log=D:\Group\HyOCR\HG_test_202604\logs\grid_independence_down_hc.log | tmp_dir=D:\Group\HyOCR\HG_test_202604\tmp\grid_independence_down_hc
2026-04-05 16:38:06 | INFO     | [grid_independence] down_case=initial_case_DOWN
2026-04-05 16:38:06 | INFO     | [grid_independence] criteria | BVP require_success=True max_rms<=0.001 bc_l2<=1e-06 | stability rel_outlet<=0.001 abs_fractions<=0.0003
2026-04-05 16:38:06 | INFO     | [grid_independence] criteria | HC test_hc_* outer: per-variable rel err must be < HC_REL_TOL_MAIN=0.001
2026-04-05 16:38:06 | INFO     | [grid_independence] ========================================================================
2026-04-05 16:38:06 | INFO     | [grid_independence] mesh 1/5 | begin down HC | initial_mesh=50 | chdir_tmp=D:\Group\HyOCR\HG_test_202604\tmp\grid_independence_down_hc
2026-04-05 16:38:06 | INFO     | [grid_independence] 测试 下半部分模型 hc_6
2026-04-05 16:38:06 | INFO     | [grid_independence] final relative error:
2026-04-05 16:38:06 | INFO     | [grid_independence] relative error of T = 9.756842531627073e-05
2026-04-05 16:38:06 | INFO     | [grid_independence] relative error of t = 9.772467242173421e-05
2026-04-05 16:38:06 | INFO     | [grid_independence] relative error of x = 0.0
2026-04-05 16:38:06 | INFO     | [grid_independence] relative error of p = 4.17487799008371e-05
2026-04-05 16:38:06 | INFO     | [grid_independence] relative error of fs = 0.0
2026-04-05 16:38:06 | INFO     | [grid_independence] relative error of rhob = 0.0
2026-04-05 16:38:06 | INFO     | [grid_independence] mesh 1/5 | end down HC | status=success | equation_converged=True | elapsed=0.09s | hc_outer_converged=True hc_max_re_final=9.772467242173421e-05 | T_out=1200.06370 p_bottom=10517.70653
2026-04-05 16:38:06 | INFO     | [grid_independence] mesh 2/5 | begin down HC | initial_mesh=40 | chdir_tmp=D:\Group\HyOCR\HG_test_202604\tmp\grid_independence_down_hc
2026-04-05 16:38:06 | INFO     | [grid_independence] 测试 下半部分模型 hc_6
2026-04-05 16:38:06 | INFO     | [grid_independence] final relative error:
2026-04-05 16:38:06 | INFO     | [grid_independence] relative error of T = 9.711986233847233e-05
2026-04-05 16:38:06 | INFO     | [grid_independence] relative error of t = 9.73820092347637e-05
2026-04-05 16:38:06 | INFO     | [grid_independence] relative error of x = 0.0
2026-04-05 16:38:06 | INFO     | [grid_independence] relative error of p = 4.19097365524964e-05
2026-04-05 16:38:06 | INFO     | [grid_independence] relative error of fs = 0.0
2026-04-05 16:38:06 | INFO     | [grid_independence] relative error of rhob = 0.0
2026-04-05 16:38:06 | INFO     | [grid_independence] mesh 2/5 | end down HC | status=success | equation_converged=True | elapsed=0.09s | hc_outer_converged=True hc_max_re_final=9.73820092347637e-05 | T_out=1200.06368 p_bottom=10517.76867
2026-04-05 16:38:06 | INFO     | [grid_independence] mesh 3/5 | begin down HC | initial_mesh=30 | chdir_tmp=D:\Group\HyOCR\HG_test_202604\tmp\grid_independence_down_hc
2026-04-05 16:38:06 | INFO     | [grid_independence] 测试 下半部分模型 hc_6
2026-04-05 16:38:06 | INFO     | [grid_independence] final relative error:
2026-04-05 16:38:06 | INFO     | [grid_independence] relative error of T = 9.615556996147804e-05
2026-04-05 16:38:06 | INFO     | [grid_independence] relative error of t = 9.666750191580169e-05
2026-04-05 16:38:06 | INFO     | [grid_independence] relative error of x = 0.0
2026-04-05 16:38:06 | INFO     | [grid_independence] relative error of p = 4.214965798150885e-05
2026-04-05 16:38:06 | INFO     | [grid_independence] relative error of fs = 0.0
2026-04-05 16:38:06 | INFO     | [grid_independence] relative error of rhob = 0.0
2026-04-05 16:38:06 | INFO     | [grid_independence] mesh 3/5 | end down HC | status=success | equation_converged=True | elapsed=0.12s | hc_outer_converged=True hc_max_re_final=9.666750191580169e-05 | T_out=1200.06365 p_bottom=10517.88309
2026-04-05 16:38:06 | INFO     | [grid_independence] mesh 4/5 | begin down HC | initial_mesh=20 | chdir_tmp=D:\Group\HyOCR\HG_test_202604\tmp\grid_independence_down_hc
2026-04-05 16:38:06 | INFO     | [grid_independence] 测试 下半部分模型 hc_6
2026-04-05 16:38:06 | INFO     | [grid_independence] final relative error:
2026-04-05 16:38:06 | INFO     | [grid_independence] relative error of T = 9.352152354439176e-05
2026-04-05 16:38:06 | INFO     | [grid_independence] relative error of t = 9.478291527494962e-05
2026-04-05 16:38:06 | INFO     | [grid_independence] relative error of x = 0.0
2026-04-05 16:38:06 | INFO     | [grid_independence] relative error of p = 4.250582455924939e-05
2026-04-05 16:38:06 | INFO     | [grid_independence] relative error of fs = 0.0
2026-04-05 16:38:06 | INFO     | [grid_independence] relative error of rhob = 0.0
2026-04-05 16:38:06 | INFO     | [grid_independence] mesh 4/5 | end down HC | status=success | equation_converged=True | elapsed=0.08s | hc_outer_converged=True hc_max_re_final=9.478291527494962e-05 | T_out=1200.06358 p_bottom=10518.18797
2026-04-05 16:38:06 | INFO     | [grid_independence] mesh 5/5 | begin down HC | initial_mesh=10 | chdir_tmp=D:\Group\HyOCR\HG_test_202604\tmp\grid_independence_down_hc
2026-04-05 16:38:06 | INFO     | [grid_independence] 测试 下半部分模型 hc_6
2026-04-05 16:38:06 | INFO     | [grid_independence] final relative error:
2026-04-05 16:38:06 | INFO     | [grid_independence] relative error of T = 8.3471262173926e-05
2026-04-05 16:38:06 | INFO     | [grid_independence] relative error of t = 8.761768595821585e-05
2026-04-05 16:38:06 | INFO     | [grid_independence] relative error of x = 0.0
2026-04-05 16:38:06 | INFO     | [grid_independence] relative error of p = 4.2619107042251995e-05
2026-04-05 16:38:06 | INFO     | [grid_independence] relative error of fs = 0.0
2026-04-05 16:38:06 | INFO     | [grid_independence] relative error of rhob = 0.0
2026-04-05 16:38:06 | INFO     | [grid_independence] mesh 5/5 | end down HC | status=success | equation_converged=True | elapsed=0.08s | hc_outer_converged=True hc_max_re_final=8.761768595821585e-05 | T_out=1200.06335 p_bottom=10519.32737
2026-04-05 16:38:06 | INFO     | [grid_independence] reference | initial_mesh=50 solver=hc status=success
2026-04-05 16:38:06 | INFO     | [grid_independence] vs_ref | mesh=50 eq_conv=True stable=True rel_diff_max=0.0000e+00 abs_diff_outlet_max=0.0000e+00
2026-04-05 16:38:06 | INFO     | [grid_independence] vs_ref | mesh=40 eq_conv=True stable=True rel_diff_max=5.9087e-06 abs_diff_outlet_max=6.2146e-02
2026-04-05 16:38:06 | INFO     | [grid_independence] vs_ref | mesh=30 eq_conv=True stable=True rel_diff_max=1.6787e-05 abs_diff_outlet_max=1.7656e-01
2026-04-05 16:38:06 | INFO     | [grid_independence] vs_ref | mesh=20 eq_conv=True stable=True rel_diff_max=4.5775e-05 abs_diff_outlet_max=4.8144e-01
2026-04-05 16:38:06 | INFO     | [grid_independence] vs_ref | mesh=10 eq_conv=True stable=True rel_diff_max=1.5411e-04 abs_diff_outlet_max=1.6208e+00
2026-04-05 16:38:06 | INFO     | [grid_independence] done | region=down mode=hc reference_mesh=50 recommended_min_mesh=10 | csv=D:\Group\HyOCR\HG_test_202604\output\grid_independence_down_hc.csv | wall_s=0.5
2026-04-05 16:38:30 | INFO     | [grid_independence] ========================================================================
2026-04-05 16:38:30 | INFO     | [grid_independence] start | argv=scripts/test_grid_independence.py --region down --mode hc --meshes 9,8,7,6,5,4,3,2
2026-04-05 16:38:30 | INFO     | [grid_independence] config | region=down mode=hc meshes=[9, 8, 7, 6, 5, 4, 3, 2] mesh_count=8
2026-04-05 16:38:30 | INFO     | [grid_independence] paths | csv_out=D:\Group\HyOCR\HG_test_202604\output\grid_independence_down_hc.csv | progress_log=D:\Group\HyOCR\HG_test_202604\logs\grid_independence_down_hc.log | tmp_dir=D:\Group\HyOCR\HG_test_202604\tmp\grid_independence_down_hc
2026-04-05 16:38:30 | INFO     | [grid_independence] down_case=initial_case_DOWN
2026-04-05 16:38:30 | INFO     | [grid_independence] criteria | BVP require_success=True max_rms<=0.001 bc_l2<=1e-06 | stability rel_outlet<=0.001 abs_fractions<=0.0003
2026-04-05 16:38:30 | INFO     | [grid_independence] criteria | HC test_hc_* outer: per-variable rel err must be < HC_REL_TOL_MAIN=0.001
2026-04-05 16:38:30 | INFO     | [grid_independence] ========================================================================
2026-04-05 16:38:30 | INFO     | [grid_independence] mesh 1/8 | begin down HC | initial_mesh=9 | chdir_tmp=D:\Group\HyOCR\HG_test_202604\tmp\grid_independence_down_hc
2026-04-05 16:38:30 | INFO     | [grid_independence] 测试 下半部分模型 hc_6
2026-04-05 16:38:30 | INFO     | [grid_independence] final relative error:
2026-04-05 16:38:30 | INFO     | [grid_independence] relative error of T = 8.117893647704039e-05
2026-04-05 16:38:30 | INFO     | [grid_independence] relative error of t = 8.595688559829495e-05
2026-04-05 16:38:30 | INFO     | [grid_independence] relative error of x = 0.0
2026-04-05 16:38:30 | INFO     | [grid_independence] relative error of p = 4.2470251604072e-05
2026-04-05 16:38:30 | INFO     | [grid_independence] relative error of fs = 0.0
2026-04-05 16:38:30 | INFO     | [grid_independence] relative error of rhob = 0.0
2026-04-05 16:38:31 | INFO     | [grid_independence] mesh 1/8 | end down HC | status=success | equation_converged=True | elapsed=0.09s | hc_outer_converged=True hc_max_re_final=8.595688559829495e-05 | T_out=1200.06329 p_bottom=10519.47391
2026-04-05 16:38:31 | INFO     | [grid_independence] mesh 2/8 | begin down HC | initial_mesh=8 | chdir_tmp=D:\Group\HyOCR\HG_test_202604\tmp\grid_independence_down_hc
2026-04-05 16:38:31 | INFO     | [grid_independence] 测试 下半部分模型 hc_6
2026-04-05 16:38:31 | INFO     | [grid_independence] final relative error:
2026-04-05 16:38:31 | INFO     | [grid_independence] relative error of T = 7.816187760047048e-05
2026-04-05 16:38:31 | INFO     | [grid_independence] relative error of t = 8.370251854934549e-05
2026-04-05 16:38:31 | INFO     | [grid_independence] relative error of x = 0.0
2026-04-05 16:38:31 | INFO     | [grid_independence] relative error of p = 4.218314393523982e-05
2026-04-05 16:38:31 | INFO     | [grid_independence] relative error of fs = 0.0
2026-04-05 16:38:31 | INFO     | [grid_independence] relative error of rhob = 0.0
2026-04-05 16:38:31 | INFO     | [grid_independence] mesh 2/8 | end down HC | status=success | equation_converged=True | elapsed=0.08s | hc_outer_converged=True hc_max_re_final=8.370251854934549e-05 | T_out=1200.06322 p_bottom=10520.03185
2026-04-05 16:38:31 | INFO     | [grid_independence] mesh 3/8 | begin down HC | initial_mesh=7 | chdir_tmp=D:\Group\HyOCR\HG_test_202604\tmp\grid_independence_down_hc
2026-04-05 16:38:31 | INFO     | [grid_independence] 测试 下半部分模型 hc_6
2026-04-05 16:38:31 | INFO     | [grid_independence] final relative error:
2026-04-05 16:38:31 | INFO     | [grid_independence] relative error of T = 7.428962030689617e-05
2026-04-05 16:38:31 | INFO     | [grid_independence] relative error of t = 8.077032021752725e-05
2026-04-05 16:38:31 | INFO     | [grid_independence] relative error of x = 0.0
2026-04-05 16:38:31 | INFO     | [grid_independence] relative error of p = 4.168319941005346e-05
2026-04-05 16:38:31 | INFO     | [grid_independence] relative error of fs = 0.0
2026-04-05 16:38:31 | INFO     | [grid_independence] relative error of rhob = 0.0
2026-04-05 16:38:31 | INFO     | [grid_independence] mesh 3/8 | end down HC | status=success | equation_converged=True | elapsed=0.12s | hc_outer_converged=True hc_max_re_final=8.077032021752725e-05 | T_out=1200.06313 p_bottom=10520.66796
2026-04-05 16:38:31 | INFO     | [grid_independence] mesh 4/8 | begin down HC | initial_mesh=6 | chdir_tmp=D:\Group\HyOCR\HG_test_202604\tmp\grid_independence_down_hc
2026-04-05 16:38:31 | INFO     | [grid_independence] 测试 下半部分模型 hc_6
2026-04-05 16:38:31 | INFO     | [grid_independence] final relative error:
2026-04-05 16:38:31 | INFO     | [grid_independence] relative error of T = 6.91500045531396e-05
2026-04-05 16:38:31 | INFO     | [grid_independence] relative error of t = 7.68081921097416e-05
2026-04-05 16:38:31 | INFO     | [grid_independence] relative error of x = 0.0
2026-04-05 16:38:31 | INFO     | [grid_independence] relative error of p = 4.0784644441936977e-05
2026-04-05 16:38:31 | INFO     | [grid_independence] relative error of fs = 0.0
2026-04-05 16:38:31 | INFO     | [grid_independence] relative error of rhob = 0.0
2026-04-05 16:38:31 | INFO     | [grid_independence] mesh 4/8 | end down HC | status=success | equation_converged=True | elapsed=0.08s | hc_outer_converged=True hc_max_re_final=7.68081921097416e-05 | T_out=1200.06299 p_bottom=10521.34544
2026-04-05 16:38:31 | INFO     | [grid_independence] mesh 5/8 | begin down HC | initial_mesh=5 | chdir_tmp=D:\Group\HyOCR\HG_test_202604\tmp\grid_independence_down_hc
2026-04-05 16:38:31 | INFO     | [grid_independence] 测试 下半部分模型 hc_6
2026-04-05 16:38:31 | INFO     | [grid_independence] final relative error:
2026-04-05 16:38:31 | INFO     | [grid_independence] relative error of T = 6.20003964774918e-05
2026-04-05 16:38:31 | INFO     | [grid_independence] relative error of t = 7.11482806251328e-05
2026-04-05 16:38:31 | INFO     | [grid_independence] relative error of x = 0.0
2026-04-05 16:38:31 | INFO     | [grid_independence] relative error of p = 3.905586016901408e-05
2026-04-05 16:38:31 | INFO     | [grid_independence] relative error of fs = 0.0
2026-04-05 16:38:31 | INFO     | [grid_independence] relative error of rhob = 0.0
2026-04-05 16:38:31 | INFO     | [grid_independence] mesh 5/8 | end down HC | status=success | equation_converged=True | elapsed=0.08s | hc_outer_converged=True hc_max_re_final=7.11482806251328e-05 | T_out=1200.06280 p_bottom=10521.95578
2026-04-05 16:38:31 | INFO     | [grid_independence] mesh 6/8 | begin down HC | initial_mesh=4 | chdir_tmp=D:\Group\HyOCR\HG_test_202604\tmp\grid_independence_down_hc
2026-04-05 16:38:31 | INFO     | [grid_independence] 测试 下半部分模型 hc_6
2026-04-05 16:38:31 | INFO     | [grid_independence] final relative error:
2026-04-05 16:38:31 | INFO     | [grid_independence] relative error of T = 5.053743594727413e-05
2026-04-05 16:38:31 | INFO     | [grid_independence] relative error of t = 6.142661476627543e-05
2026-04-05 16:38:31 | INFO     | [grid_independence] relative error of x = 0.0
2026-04-05 16:38:31 | INFO     | [grid_independence] relative error of p = 3.5343335438465284e-05
2026-04-05 16:38:31 | INFO     | [grid_independence] relative error of fs = 0.0
2026-04-05 16:38:31 | INFO     | [grid_independence] relative error of rhob = 0.0
2026-04-05 16:38:31 | INFO     | [grid_independence] mesh 6/8 | end down HC | status=success | equation_converged=True | elapsed=0.08s | hc_outer_converged=True hc_max_re_final=6.142661476627543e-05 | T_out=1200.06277 p_bottom=10524.95051
2026-04-05 16:38:31 | INFO     | [grid_independence] mesh 7/8 | begin down HC | initial_mesh=3 | chdir_tmp=D:\Group\HyOCR\HG_test_202604\tmp\grid_independence_down_hc
2026-04-05 16:38:31 | INFO     | [grid_independence] 测试 下半部分模型 hc_6
2026-04-05 16:38:31 | INFO     | [grid_independence] final relative error:
2026-04-05 16:38:31 | INFO     | [grid_independence] relative error of T = 3.108268007014991e-05
2026-04-05 16:38:31 | INFO     | [grid_independence] relative error of t = 4.3212183365145224e-05
2026-04-05 16:38:31 | INFO     | [grid_independence] relative error of x = 0.0
2026-04-05 16:38:31 | INFO     | [grid_independence] relative error of p = 2.6401215967630014e-05
2026-04-05 16:38:31 | INFO     | [grid_independence] relative error of fs = 0.0
2026-04-05 16:38:31 | INFO     | [grid_independence] relative error of rhob = 0.0
2026-04-05 16:38:31 | INFO     | [grid_independence] mesh 7/8 | end down HC | status=success | equation_converged=True | elapsed=0.08s | hc_outer_converged=True hc_max_re_final=4.3212183365145224e-05 | T_out=1200.06274 p_bottom=10531.32130
2026-04-05 16:38:31 | INFO     | [grid_independence] mesh 8/8 | begin down HC | initial_mesh=2 | chdir_tmp=D:\Group\HyOCR\HG_test_202604\tmp\grid_independence_down_hc
2026-04-05 16:38:31 | INFO     | [grid_independence] 测试 下半部分模型 hc_6
2026-04-05 16:38:31 | INFO     | [grid_independence] final relative error:
2026-04-05 16:38:31 | INFO     | [grid_independence] relative error of T = 6.55229570006051e-06
2026-04-05 16:38:31 | INFO     | [grid_independence] relative error of t = 0.00039718392007023084
2026-04-05 16:38:31 | INFO     | [grid_independence] relative error of x = 0.0
2026-04-05 16:38:31 | INFO     | [grid_independence] relative error of p = 0.00027767781785574156
2026-04-05 16:38:31 | INFO     | [grid_independence] relative error of fs = 0.0
2026-04-05 16:38:31 | INFO     | [grid_independence] relative error of rhob = 0.0
2026-04-05 16:38:31 | INFO     | [grid_independence] mesh 8/8 | end down HC | status=success | equation_converged=True | elapsed=0.12s | hc_outer_converged=True hc_max_re_final=0.00039718392007023084 | T_out=1200.03635 p_bottom=10553.39456
2026-04-05 16:38:31 | INFO     | [grid_independence] reference | initial_mesh=9 solver=hc status=success
2026-04-05 16:38:31 | INFO     | [grid_independence] vs_ref | mesh=9 eq_conv=True stable=True rel_diff_max=0.0000e+00 abs_diff_outlet_max=0.0000e+00
2026-04-05 16:38:31 | INFO     | [grid_independence] vs_ref | mesh=8 eq_conv=True stable=True rel_diff_max=5.3040e-05 abs_diff_outlet_max=5.5795e-01
2026-04-05 16:38:31 | INFO     | [grid_independence] vs_ref | mesh=7 eq_conv=True stable=True rel_diff_max=1.1351e-04 abs_diff_outlet_max=1.1941e+00
2026-04-05 16:38:31 | INFO     | [grid_independence] vs_ref | mesh=6 eq_conv=True stable=True rel_diff_max=1.7791e-04 abs_diff_outlet_max=1.8715e+00
2026-04-05 16:38:31 | INFO     | [grid_independence] vs_ref | mesh=5 eq_conv=True stable=True rel_diff_max=2.3593e-04 abs_diff_outlet_max=2.4819e+00
2026-04-05 16:38:31 | INFO     | [grid_independence] vs_ref | mesh=4 eq_conv=True stable=True rel_diff_max=5.2062e-04 abs_diff_outlet_max=5.4766e+00
2026-04-05 16:38:31 | INFO     | [grid_independence] vs_ref | mesh=3 eq_conv=True stable=False rel_diff_max=1.1262e-03 abs_diff_outlet_max=1.1847e+01
2026-04-05 16:38:31 | INFO     | [grid_independence] vs_ref | mesh=2 eq_conv=True stable=False rel_diff_max=3.2246e-03 abs_diff_outlet_max=3.3921e+01
2026-04-05 16:38:31 | INFO     | [grid_independence] done | region=down mode=hc reference_mesh=9 recommended_min_mesh=4 | csv=D:\Group\HyOCR\HG_test_202604\output\grid_independence_down_hc.csv | wall_s=0.8
2026-04-05 16:50:32 | INFO     | [grid_independence] ========================================================================
2026-04-05 16:50:32 | INFO     | [grid_independence] start | argv=scripts/test_grid_independence.py --region down --mode hc --meshes 1
2026-04-05 16:50:32 | INFO     | [grid_independence] config | region=down mode=hc meshes=[1] mesh_count=1
2026-04-05 16:50:32 | INFO     | [grid_independence] paths | csv_out=D:\Group\HyOCR\HG_test_202604\output\grid_independence_down_hc.csv | progress_log=D:\Group\HyOCR\HG_test_202604\logs\grid_independence_down_hc.log | tmp_dir=D:\Group\HyOCR\HG_test_202604\tmp\grid_independence_down_hc
2026-04-05 16:50:32 | INFO     | [grid_independence] down_case=initial_case_DOWN
2026-04-05 16:50:32 | INFO     | [grid_independence] criteria | BVP require_success=True max_rms<=0.001 bc_l2<=1e-06 | stability rel_outlet<=0.001 abs_fractions<=0.0003
2026-04-05 16:50:32 | INFO     | [grid_independence] criteria | HC test_hc_* outer: per-variable rel err must be < HC_REL_TOL_MAIN=0.001
2026-04-05 16:50:32 | INFO     | [grid_independence] ========================================================================
2026-04-05 16:50:32 | INFO     | [grid_independence] mesh 1/1 | begin down HC | initial_mesh=1 | chdir_tmp=D:\Group\HyOCR\HG_test_202604\tmp\grid_independence_down_hc
2026-04-05 16:50:32 | INFO     | [grid_independence] 测试 下半部分模型 hc_6
2026-04-05 16:50:32 | INFO     | [grid_independence] final relative error:
2026-04-05 16:50:32 | INFO     | [grid_independence] relative error of T = 0.0
2026-04-05 16:50:32 | INFO     | [grid_independence] relative error of t = 0.0
2026-04-05 16:50:32 | INFO     | [grid_independence] relative error of x = 0.0
2026-04-05 16:50:32 | INFO     | [grid_independence] relative error of p = 0.0
2026-04-05 16:50:32 | INFO     | [grid_independence] relative error of fs = 0.0
2026-04-05 16:50:32 | INFO     | [grid_independence] relative error of rhob = 0.0
2026-04-05 16:50:32 | INFO     | [grid_independence] mesh 1/1 | end down HC | status=success | equation_converged=True | elapsed=0.08s | hc_outer_converged=True hc_max_re_final=0.0 | T_out=1273.00000 p_bottom=10200.00000
2026-04-05 16:50:32 | INFO     | [grid_independence] reference | initial_mesh=1 solver=hc status=success
2026-04-05 16:50:32 | INFO     | [grid_independence] vs_ref | mesh=1 eq_conv=True stable=True rel_diff_max=0.0000e+00 abs_diff_outlet_max=0.0000e+00
2026-04-05 16:50:32 | INFO     | [grid_independence] done | region=down mode=hc reference_mesh=1 recommended_min_mesh=1 | csv=D:\Group\HyOCR\HG_test_202604\output\grid_independence_down_hc.csv | wall_s=0.1
